<?xml version="1.0" encoding="UTF-8"?>
<robot generator="Robot 3.1.2 (Python 3.7.6 on win32)" generated="20200203 15:45:58.176" rpa="false">
<suite id="s1" name="ChoferesTest" source="C:\Users\fabio.olivieri\RobotTesting\RobotTests\BusinessLogicTests\Administracion\ChoferesTest.robot">
<kw name="Iniciar Aplicacion" library="Login" type="setup">
<arguments>
<arg>${gWebUrlUat}</arg>
<arg>${gBrowserChrome}</arg>
<arg>${gUser}</arg>
<arg>${gContrasenia}</arg>
<arg>${gIDTerminalTimbues}</arg>
</arguments>
<kw name="Abrir Navegador" library="General">
<arguments>
<arg>${aUrl}</arg>
<arg>${aBrowser}</arg>
</arguments>
<kw name="Open Browser" library="SeleniumLibrary">
<doc>Opens a new browser instance to the optional ``url``.</doc>
<arguments>
<arg>${aURL}</arg>
<arg>${aBrowser}</arg>
</arguments>
<msg timestamp="20200203 15:45:58.514" level="INFO">Opening browser 'headlesschrome' to base url 'http://arrosvmapp313/ldc-yard/login'.</msg>
<status status="PASS" starttime="20200203 15:45:58.514" endtime="20200203 15:46:02.754"></status>
</kw>
<status status="PASS" starttime="20200203 15:45:58.514" endtime="20200203 15:46:02.754"></status>
</kw>
<kw name="Ingresar Usuario" library="Login">
<arguments>
<arg>${aUsuario}</arg>
</arguments>
<kw name="Capturar Elemento" library="General">
<arguments>
<arg>${locTxtUsuario}</arg>
</arguments>
<assign>
<var>${txtUsuario}</var>
</assign>
<kw name="Wait Until Page Contains Element" library="SeleniumLibrary">
<doc>Waits until the element ``locator`` appears on the current page.</doc>
<arguments>
<arg>${aLocator}</arg>
<arg>10 seconds</arg>
</arguments>
<status status="PASS" starttime="20200203 15:46:02.755" endtime="20200203 15:46:02.771"></status>
</kw>
<kw name="Set Variable" library="BuiltIn">
<doc>Returns the given values which can then be assigned to a variables.</doc>
<arguments>
<arg>${aLocator}</arg>
</arguments>
<assign>
<var>${aElement}</var>
</assign>
<msg timestamp="20200203 15:46:02.771" level="INFO">${aElement} = id:usuario</msg>
<status status="PASS" starttime="20200203 15:46:02.771" endtime="20200203 15:46:02.771"></status>
</kw>
<msg timestamp="20200203 15:46:02.771" level="INFO">${txtUsuario} = id:usuario</msg>
<status status="PASS" starttime="20200203 15:46:02.755" endtime="20200203 15:46:02.771"></status>
</kw>
<kw name="Ingresar Texto" library="General">
<arguments>
<arg>${txtUsuario}</arg>
<arg>${aUser}</arg>
</arguments>
<kw name="Input Text" library="SeleniumLibrary">
<doc>Types the given ``text`` into the text field identified by ``locator``.</doc>
<arguments>
<arg>${aElement}</arg>
<arg>${aText}</arg>
</arguments>
<msg timestamp="20200203 15:46:02.772" level="INFO">Typing text 'fabio.olivieri' into text field 'id:usuario'.</msg>
<status status="PASS" starttime="20200203 15:46:02.772" endtime="20200203 15:46:02.853"></status>
</kw>
<status status="PASS" starttime="20200203 15:46:02.772" endtime="20200203 15:46:02.853"></status>
</kw>
<status status="PASS" starttime="20200203 15:46:02.755" endtime="20200203 15:46:02.853"></status>
</kw>
<kw name="Ingresar Contrasenia" library="Login">
<arguments>
<arg>${aContrasenia}</arg>
</arguments>
<kw name="Capturar Elemento" library="General">
<arguments>
<arg>${locTxtContrasenia}</arg>
</arguments>
<assign>
<var>${txtContrasenia}</var>
</assign>
<kw name="Wait Until Page Contains Element" library="SeleniumLibrary">
<doc>Waits until the element ``locator`` appears on the current page.</doc>
<arguments>
<arg>${aLocator}</arg>
<arg>10 seconds</arg>
</arguments>
<status status="PASS" starttime="20200203 15:46:02.854" endtime="20200203 15:46:02.865"></status>
</kw>
<kw name="Set Variable" library="BuiltIn">
<doc>Returns the given values which can then be assigned to a variables.</doc>
<arguments>
<arg>${aLocator}</arg>
</arguments>
<assign>
<var>${aElement}</var>
</assign>
<msg timestamp="20200203 15:46:02.865" level="INFO">${aElement} = id:contrasenia</msg>
<status status="PASS" starttime="20200203 15:46:02.865" endtime="20200203 15:46:02.865"></status>
</kw>
<msg timestamp="20200203 15:46:02.866" level="INFO">${txtContrasenia} = id:contrasenia</msg>
<status status="PASS" starttime="20200203 15:46:02.854" endtime="20200203 15:46:02.866"></status>
</kw>
<kw name="Ingresar Texto" library="General">
<arguments>
<arg>${txtContrasenia}</arg>
<arg>${aPass}</arg>
</arguments>
<kw name="Input Text" library="SeleniumLibrary">
<doc>Types the given ``text`` into the text field identified by ``locator``.</doc>
<arguments>
<arg>${aElement}</arg>
<arg>${aText}</arg>
</arguments>
<msg timestamp="20200203 15:46:02.866" level="INFO">Typing text 'Colorado8888' into text field 'id:contrasenia'.</msg>
<status status="PASS" starttime="20200203 15:46:02.866" endtime="20200203 15:46:02.957"></status>
</kw>
<status status="PASS" starttime="20200203 15:46:02.866" endtime="20200203 15:46:02.957"></status>
</kw>
<status status="PASS" starttime="20200203 15:46:02.853" endtime="20200203 15:46:02.957"></status>
</kw>
<kw name="Presionar Ingresar" library="Login">
<kw name="Capturar Elemento" library="General">
<arguments>
<arg>${locBtnIngresar}</arg>
</arguments>
<assign>
<var>${btnIngresar}</var>
</assign>
<kw name="Wait Until Page Contains Element" library="SeleniumLibrary">
<doc>Waits until the element ``locator`` appears on the current page.</doc>
<arguments>
<arg>${aLocator}</arg>
<arg>10 seconds</arg>
</arguments>
<status status="PASS" starttime="20200203 15:46:02.957" endtime="20200203 15:46:02.968"></status>
</kw>
<kw name="Set Variable" library="BuiltIn">
<doc>Returns the given values which can then be assigned to a variables.</doc>
<arguments>
<arg>${aLocator}</arg>
</arguments>
<assign>
<var>${aElement}</var>
</assign>
<msg timestamp="20200203 15:46:02.968" level="INFO">${aElement} = xpath:/html/body/yrd-root/yrd-login/div[1]/div/form/div[3]/button</msg>
<status status="PASS" starttime="20200203 15:46:02.968" endtime="20200203 15:46:02.968"></status>
</kw>
<msg timestamp="20200203 15:46:02.968" level="INFO">${btnIngresar} = xpath:/html/body/yrd-root/yrd-login/div[1]/div/form/div[3]/button</msg>
<status status="PASS" starttime="20200203 15:46:02.957" endtime="20200203 15:46:02.968"></status>
</kw>
<kw name="Presionar Boton" library="General">
<arguments>
<arg>${btnIngresar}</arg>
</arguments>
<kw name="Set Focus To Element" library="SeleniumLibrary">
<doc>Sets the focus to the element identified by ``locator``.</doc>
<arguments>
<arg>${aElement}</arg>
</arguments>
<status status="PASS" starttime="20200203 15:46:02.969" endtime="20200203 15:46:02.980"></status>
</kw>
<kw name="Click Element" library="SeleniumLibrary">
<doc>Click the element identified by ``locator``.</doc>
<arguments>
<arg>${aElement}</arg>
</arguments>
<msg timestamp="20200203 15:46:02.981" level="INFO">Clicking element 'xpath:/html/body/yrd-root/yrd-login/div[1]/div/form/div[3]/button'.</msg>
<status status="PASS" starttime="20200203 15:46:02.980" endtime="20200203 15:46:03.033"></status>
</kw>
<status status="PASS" starttime="20200203 15:46:02.968" endtime="20200203 15:46:03.033"></status>
</kw>
<status status="PASS" starttime="20200203 15:46:02.957" endtime="20200203 15:46:03.033"></status>
</kw>
<kw name="Seleccionar Terminal" library="Login">
<arguments>
<arg>${aTerminal}</arg>
</arguments>
<kw name="Capturar Elemento" library="General">
<arguments>
<arg>${locDdlTerminal}</arg>
</arguments>
<assign>
<var>${ddlTerminal}</var>
</assign>
<kw name="Wait Until Page Contains Element" library="SeleniumLibrary">
<doc>Waits until the element ``locator`` appears on the current page.</doc>
<arguments>
<arg>${aLocator}</arg>
<arg>10 seconds</arg>
</arguments>
<status status="PASS" starttime="20200203 15:46:03.034" endtime="20200203 15:46:03.253"></status>
</kw>
<kw name="Set Variable" library="BuiltIn">
<doc>Returns the given values which can then be assigned to a variables.</doc>
<arguments>
<arg>${aLocator}</arg>
</arguments>
<assign>
<var>${aElement}</var>
</assign>
<msg timestamp="20200203 15:46:03.254" level="INFO">${aElement} = id:selectTerminal</msg>
<status status="PASS" starttime="20200203 15:46:03.253" endtime="20200203 15:46:03.254"></status>
</kw>
<msg timestamp="20200203 15:46:03.254" level="INFO">${ddlTerminal} = id:selectTerminal</msg>
<status status="PASS" starttime="20200203 15:46:03.034" endtime="20200203 15:46:03.254"></status>
</kw>
<kw name="Elegir Opcion Lista Por Valor" library="General">
<arguments>
<arg>${ddlTerminal}</arg>
<arg>${aValor}</arg>
</arguments>
<kw name="Select From List By Value" library="SeleniumLibrary">
<doc>Selects options from selection list ``locator`` by ``values``.</doc>
<arguments>
<arg>${aElement}</arg>
<arg>${aValue}</arg>
</arguments>
<msg timestamp="20200203 15:46:03.255" level="INFO">Selecting options from selection list 'id:selectTerminal' by value 137.</msg>
<status status="PASS" starttime="20200203 15:46:03.255" endtime="20200203 15:46:03.314"></status>
</kw>
<status status="PASS" starttime="20200203 15:46:03.254" endtime="20200203 15:46:03.314"></status>
</kw>
<status status="PASS" starttime="20200203 15:46:03.033" endtime="20200203 15:46:03.314"></status>
</kw>
<kw name="Presionar Ingresar" library="Login">
<kw name="Capturar Elemento" library="General">
<arguments>
<arg>${locBtnIngresar}</arg>
</arguments>
<assign>
<var>${btnIngresar}</var>
</assign>
<kw name="Wait Until Page Contains Element" library="SeleniumLibrary">
<doc>Waits until the element ``locator`` appears on the current page.</doc>
<arguments>
<arg>${aLocator}</arg>
<arg>10 seconds</arg>
</arguments>
<status status="PASS" starttime="20200203 15:46:03.315" endtime="20200203 15:46:03.323"></status>
</kw>
<kw name="Set Variable" library="BuiltIn">
<doc>Returns the given values which can then be assigned to a variables.</doc>
<arguments>
<arg>${aLocator}</arg>
</arguments>
<assign>
<var>${aElement}</var>
</assign>
<msg timestamp="20200203 15:46:03.323" level="INFO">${aElement} = xpath:/html/body/yrd-root/yrd-login/div[1]/div/form/div[3]/button</msg>
<status status="PASS" starttime="20200203 15:46:03.323" endtime="20200203 15:46:03.323"></status>
</kw>
<msg timestamp="20200203 15:46:03.324" level="INFO">${btnIngresar} = xpath:/html/body/yrd-root/yrd-login/div[1]/div/form/div[3]/button</msg>
<status status="PASS" starttime="20200203 15:46:03.314" endtime="20200203 15:46:03.324"></status>
</kw>
<kw name="Presionar Boton" library="General">
<arguments>
<arg>${btnIngresar}</arg>
</arguments>
<kw name="Set Focus To Element" library="SeleniumLibrary">
<doc>Sets the focus to the element identified by ``locator``.</doc>
<arguments>
<arg>${aElement}</arg>
</arguments>
<status status="PASS" starttime="20200203 15:46:03.324" endtime="20200203 15:46:03.340"></status>
</kw>
<kw name="Click Element" library="SeleniumLibrary">
<doc>Click the element identified by ``locator``.</doc>
<arguments>
<arg>${aElement}</arg>
</arguments>
<msg timestamp="20200203 15:46:03.341" level="INFO">Clicking element 'xpath:/html/body/yrd-root/yrd-login/div[1]/div/form/div[3]/button'.</msg>
<status status="PASS" starttime="20200203 15:46:03.341" endtime="20200203 15:46:03.391"></status>
</kw>
<status status="PASS" starttime="20200203 15:46:03.324" endtime="20200203 15:46:03.391"></status>
</kw>
<status status="PASS" starttime="20200203 15:46:03.314" endtime="20200203 15:46:03.392"></status>
</kw>
<kw name="Sleep" library="BuiltIn">
<doc>Pauses the test executed for the given time.</doc>
<arguments>
<arg>5</arg>
</arguments>
<msg timestamp="20200203 15:46:08.407" level="INFO">Slept 5 seconds</msg>
<status status="PASS" starttime="20200203 15:46:03.392" endtime="20200203 15:46:08.407"></status>
</kw>
<kw name="Guardar Token" library="Login">
<kw name="Execute Javascript" library="SeleniumLibrary">
<doc>Executes the given JavaScript code with possible arguments.</doc>
<arguments>
<arg>return window.localStorage.getItem("YardToken")</arg>
</arguments>
<assign>
<var>${localStorageToken}</var>
</assign>
<msg timestamp="20200203 15:46:08.408" level="INFO">Executing JavaScript:
return window.localStorage.getItem("YardToken")
Without any arguments.</msg>
<msg timestamp="20200203 15:46:08.414" level="INFO">${localStorageToken} = eyJhbGciOiJIUzI1NiIsInR5cCI6IkpXVCJ9.eyJ3b3Jrc2lkIjo4LCJzaXRlaWQiOjIsInNpdGVfYWxpYXMiOjIsInNpdGVfbmFtZSI6IlJvc2FyaW8iLCJzaXRlX3doIjpmYWxzZSwic29jaWQiOjEsInNvY19uYW1lIjoiTERDIEFSR0VOVElOQSBTLkEuIiwidGV...</msg>
<status status="PASS" starttime="20200203 15:46:08.407" endtime="20200203 15:46:08.414"></status>
</kw>
<kw name="Catenate" library="BuiltIn">
<doc>Catenates the given items together and returns the resulted string.</doc>
<arguments>
<arg>Bearer</arg>
<arg>${localStorageToken}</arg>
</arguments>
<assign>
<var>${BearerToken}</var>
</assign>
<msg timestamp="20200203 15:46:08.414" level="INFO">${BearerToken} = Bearer eyJhbGciOiJIUzI1NiIsInR5cCI6IkpXVCJ9.eyJ3b3Jrc2lkIjo4LCJzaXRlaWQiOjIsInNpdGVfYWxpYXMiOjIsInNpdGVfbmFtZSI6IlJvc2FyaW8iLCJzaXRlX3doIjpmYWxzZSwic29jaWQiOjEsInNvY19uYW1lIjoiTERDIEFSR0VOVElOQSBTLkEu...</msg>
<status status="PASS" starttime="20200203 15:46:08.414" endtime="20200203 15:46:08.414"></status>
</kw>
<kw name="Set Global Variable" library="BuiltIn">
<doc>Makes a variable available globally in all tests and suites.</doc>
<arguments>
<arg>${AutToken}</arg>
<arg>${BearerToken}</arg>
</arguments>
<msg timestamp="20200203 15:46:08.415" level="INFO">${AutToken} = Bearer eyJhbGciOiJIUzI1NiIsInR5cCI6IkpXVCJ9.eyJ3b3Jrc2lkIjo4LCJzaXRlaWQiOjIsInNpdGVfYWxpYXMiOjIsInNpdGVfbmFtZSI6IlJvc2FyaW8iLCJzaXRlX3doIjpmYWxzZSwic29jaWQiOjEsInNvY19uYW1lIjoiTERDIEFSR0VOVElOQSBTLkEu...</msg>
<status status="PASS" starttime="20200203 15:46:08.414" endtime="20200203 15:46:08.415"></status>
</kw>
<status status="PASS" starttime="20200203 15:46:08.407" endtime="20200203 15:46:08.415"></status>
</kw>
<status status="PASS" starttime="20200203 15:45:58.514" endtime="20200203 15:46:08.415"></status>
</kw>
<test id="s1-t1" name="GetChofer">
<kw name="Create Session" library="RequestsLibrary">
<doc>Create Session: create a HTTP session to a server</doc>
<arguments>
<arg>mySession</arg>
<arg>${URL}</arg>
</arguments>
<msg timestamp="20200203 15:46:08.416" level="INFO">Creating Session using : alias=mySession, url=http://arrosvmapp313/Ldc.Yard.Web.Api/api, headers={},                     cookies={}, auth=None, timeout=None, proxies=None, verify=False,                     debug=0 </msg>
<status status="PASS" starttime="20200203 15:46:08.416" endtime="20200203 15:46:08.417"></status>
</kw>
<kw name="Create Dictionary" library="BuiltIn">
<doc>Creates and returns a dictionary based on the given ``items``.</doc>
<arguments>
<arg>Authorization=${AutToken}</arg>
</arguments>
<assign>
<var>${headers}</var>
</assign>
<msg timestamp="20200203 15:46:08.418" level="INFO">${headers} = {'Authorization': 'Bearer eyJhbGciOiJIUzI1NiIsInR5cCI6IkpXVCJ9.eyJ3b3Jrc2lkIjo4LCJzaXRlaWQiOjIsInNpdGVfYWxpYXMiOjIsInNpdGVfbmFtZSI6IlJvc2FyaW8iLCJzaXRlX3doIjpmYWxzZSwic29jaWQiOjEsInNvY19uYW1lIjoiTERDI...</msg>
<status status="PASS" starttime="20200203 15:46:08.417" endtime="20200203 15:46:08.418"></status>
</kw>
<kw name="Get Request" library="RequestsLibrary">
<doc>Send a GET request on the session object found using the
given `alias`</doc>
<arguments>
<arg>mySession</arg>
<arg>/choferes/2024306</arg>
<arg>headers=${headers}</arg>
</arguments>
<assign>
<var>${response}</var>
</assign>
<msg timestamp="20200203 15:46:08.418" level="INFO">GET Request using : uri=/choferes/2024306, params=None, allow_redirects=True, timeout=None
headers={'User-Agent': 'python-requests/2.22.0', 'Accept-Encoding': 'gzip, deflate', 'Accept': '*/*', 'Connection': 'keep-alive', 'Authorization': 'Bearer eyJhbGciOiJIUzI1NiIsInR5cCI6IkpXVCJ9.eyJ3b3Jrc2lkIjo4LCJzaXRlaWQiOjIsInNpdGVfYWxpYXMiOjIsInNpdGVfbmFtZSI6IlJvc2FyaW8iLCJzaXRlX3doIjpmYWxzZSwic29jaWQiOjEsInNvY19uYW1lIjoiTERDIEFSR0VOVElOQSBTLkEuIiwidGVybWlkIjoxMzcsInRlcm1fY29kZSI6IjIzOTgxIiwidGVybV9uYW1lIjoiTE9VSVMgRFJFWUZVUyAoVElNQlVFUykiLCJ0ZXJtX2hhcnZlc3QiOnRydWUsInRlcm1fY2FyZCI6dHJ1ZSwibmFtZWlkIjoyNCwidW5pcXVlX25hbWUiOiJmYWJpby5vbGl2aWVyaSIsInNzaWQiOjExOTkzLCJuYmYiOjE1ODA3NTU1NjMsImV4cCI6MTU4MDc5ODc2MywiaWF0IjoxNTgwNzU1NTYzLCJpc3MiOiJ5YXJkLXVhdC1iYiJ9.lLLm-zNecpErLGORd5rC11PBpiwywr_SWNVhUBPN2uU'} 
data=None 
json=None</msg>
<msg timestamp="20200203 15:46:08.458" level="INFO">${response} = &lt;Response [200]&gt;</msg>
<status status="PASS" starttime="20200203 15:46:08.418" endtime="20200203 15:46:08.458"></status>
</kw>
<kw name="Convert To String" library="BuiltIn">
<doc>Converts the given item to a Unicode string.</doc>
<arguments>
<arg>${response.status_code}</arg>
</arguments>
<assign>
<var>${statusCode}</var>
</assign>
<msg timestamp="20200203 15:46:08.459" level="INFO">${statusCode} = 200</msg>
<status status="PASS" starttime="20200203 15:46:08.458" endtime="20200203 15:46:08.459"></status>
</kw>
<kw name="Should Be Equal" library="BuiltIn">
<doc>Fails if the given objects are unequal.</doc>
<arguments>
<arg>${statusCode}</arg>
<arg>200</arg>
</arguments>
<status status="PASS" starttime="20200203 15:46:08.459" endtime="20200203 15:46:08.459"></status>
</kw>
<kw name="Convert To String" library="BuiltIn">
<doc>Converts the given item to a Unicode string.</doc>
<arguments>
<arg>${response.content}</arg>
</arguments>
<assign>
<var>${bodyString}</var>
</assign>
<msg timestamp="20200203 15:46:08.460" level="INFO">${bodyString} = {"descripcion":"RODRIGUEZ","codigo":"20047507244","habilitado":true,"penalizado":false,"estaHabilitado":false,"id":2024306}</msg>
<status status="PASS" starttime="20200203 15:46:08.460" endtime="20200203 15:46:08.460"></status>
</kw>
<kw name="Should Contain" library="BuiltIn">
<doc>Fails if ``container`` does not contain ``item`` one or more times.</doc>
<arguments>
<arg>${bodyString}</arg>
<arg>RODRIGUEZ</arg>
</arguments>
<status status="PASS" starttime="20200203 15:46:08.460" endtime="20200203 15:46:08.460"></status>
</kw>
<kw name="To Json" library="RequestsLibrary">
<doc>Convert a string to a JSON object</doc>
<arguments>
<arg>${response.content}</arg>
</arguments>
<assign>
<var>${bodyJSon}</var>
</assign>
<msg timestamp="20200203 15:46:08.461" level="INFO">To JSON using : content={"descripcion":"RODRIGUEZ","codigo":"20047507244","habilitado":true,"penalizado":false,"estaHabilitado":false,"id":2024306} </msg>
<msg timestamp="20200203 15:46:08.461" level="INFO">To JSON using : pretty_print=False </msg>
<msg timestamp="20200203 15:46:08.461" level="INFO">${bodyJSon} = {'descripcion': 'RODRIGUEZ', 'codigo': '20047507244', 'habilitado': True, 'penalizado': False, 'estaHabilitado': False, 'id': 2024306}</msg>
<status status="PASS" starttime="20200203 15:46:08.460" endtime="20200203 15:46:08.461"></status>
</kw>
<kw name="Get Value From Json" library="JSONLibrary">
<doc>Get Value From JSON using JSONPath</doc>
<arguments>
<arg>${bodyJSon}</arg>
<arg>$.descripcion</arg>
</arguments>
<assign>
<var>${Desc}</var>
</assign>
<msg timestamp="20200203 15:46:08.481" level="INFO">${Desc} = ['RODRIGUEZ']</msg>
<status status="PASS" starttime="20200203 15:46:08.461" endtime="20200203 15:46:08.481"></status>
</kw>
<kw name="Should Be Equal" library="BuiltIn">
<doc>Fails if the given objects are unequal.</doc>
<arguments>
<arg>${Desc[0]}</arg>
<arg>RODRIGUEZ</arg>
</arguments>
<status status="PASS" starttime="20200203 15:46:08.481" endtime="20200203 15:46:08.481"></status>
</kw>
<kw name="Get From Dictionary" library="Collections">
<doc>Returns a value from the given ``dictionary`` based on the given ``key``.</doc>
<arguments>
<arg>${response.headers}</arg>
<arg>Content-Type</arg>
</arguments>
<assign>
<var>${contentType}</var>
</assign>
<msg timestamp="20200203 15:46:08.481" level="INFO">${contentType} = application/json; charset=utf-8</msg>
<status status="PASS" starttime="20200203 15:46:08.481" endtime="20200203 15:46:08.481"></status>
</kw>
<kw name="Should Be Equal" library="BuiltIn">
<doc>Fails if the given objects are unequal.</doc>
<arguments>
<arg>${contentType}</arg>
<arg>application/json; charset=utf-8</arg>
</arguments>
<status status="PASS" starttime="20200203 15:46:08.481" endtime="20200203 15:46:08.481"></status>
</kw>
<status status="PASS" starttime="20200203 15:46:08.415" endtime="20200203 15:46:08.481" critical="yes"></status>
</test>
<test id="s1-t2" name="GetChoferes">
<kw name="Create Session" library="RequestsLibrary">
<doc>Create Session: create a HTTP session to a server</doc>
<arguments>
<arg>mySession</arg>
<arg>${URL}</arg>
</arguments>
<msg timestamp="20200203 15:46:08.481" level="INFO">Creating Session using : alias=mySession, url=http://arrosvmapp313/Ldc.Yard.Web.Api/api, headers={},                     cookies={}, auth=None, timeout=None, proxies=None, verify=False,                     debug=0 </msg>
<status status="PASS" starttime="20200203 15:46:08.481" endtime="20200203 15:46:08.481"></status>
</kw>
<kw name="Create Dictionary" library="BuiltIn">
<doc>Creates and returns a dictionary based on the given ``items``.</doc>
<arguments>
<arg>Authorization=${AutToken}</arg>
</arguments>
<assign>
<var>${headers}</var>
</assign>
<msg timestamp="20200203 15:46:08.481" level="INFO">${headers} = {'Authorization': 'Bearer eyJhbGciOiJIUzI1NiIsInR5cCI6IkpXVCJ9.eyJ3b3Jrc2lkIjo4LCJzaXRlaWQiOjIsInNpdGVfYWxpYXMiOjIsInNpdGVfbmFtZSI6IlJvc2FyaW8iLCJzaXRlX3doIjpmYWxzZSwic29jaWQiOjEsInNvY19uYW1lIjoiTERDI...</msg>
<status status="PASS" starttime="20200203 15:46:08.481" endtime="20200203 15:46:08.481"></status>
</kw>
<kw name="Get Request" library="RequestsLibrary">
<doc>Send a GET request on the session object found using the
given `alias`</doc>
<arguments>
<arg>mySession</arg>
<arg>/choferes/Filtros</arg>
<arg>headers=${headers}</arg>
</arguments>
<assign>
<var>${response}</var>
</assign>
<msg timestamp="20200203 15:46:08.481" level="INFO">GET Request using : uri=/choferes/Filtros, params=None, allow_redirects=True, timeout=None
headers={'User-Agent': 'python-requests/2.22.0', 'Accept-Encoding': 'gzip, deflate', 'Accept': '*/*', 'Connection': 'keep-alive', 'Authorization': 'Bearer eyJhbGciOiJIUzI1NiIsInR5cCI6IkpXVCJ9.eyJ3b3Jrc2lkIjo4LCJzaXRlaWQiOjIsInNpdGVfYWxpYXMiOjIsInNpdGVfbmFtZSI6IlJvc2FyaW8iLCJzaXRlX3doIjpmYWxzZSwic29jaWQiOjEsInNvY19uYW1lIjoiTERDIEFSR0VOVElOQSBTLkEuIiwidGVybWlkIjoxMzcsInRlcm1fY29kZSI6IjIzOTgxIiwidGVybV9uYW1lIjoiTE9VSVMgRFJFWUZVUyAoVElNQlVFUykiLCJ0ZXJtX2hhcnZlc3QiOnRydWUsInRlcm1fY2FyZCI6dHJ1ZSwibmFtZWlkIjoyNCwidW5pcXVlX25hbWUiOiJmYWJpby5vbGl2aWVyaSIsInNzaWQiOjExOTkzLCJuYmYiOjE1ODA3NTU1NjMsImV4cCI6MTU4MDc5ODc2MywiaWF0IjoxNTgwNzU1NTYzLCJpc3MiOiJ5YXJkLXVhdC1iYiJ9.lLLm-zNecpErLGORd5rC11PBpiwywr_SWNVhUBPN2uU'} 
data=None 
json=None</msg>
<msg timestamp="20200203 15:46:08.532" level="INFO">${response} = &lt;Response [200]&gt;</msg>
<status status="PASS" starttime="20200203 15:46:08.481" endtime="20200203 15:46:08.532"></status>
</kw>
<kw name="Convert To String" library="BuiltIn">
<doc>Converts the given item to a Unicode string.</doc>
<arguments>
<arg>${response.status_code}</arg>
</arguments>
<assign>
<var>${statusCode}</var>
</assign>
<msg timestamp="20200203 15:46:08.533" level="INFO">${statusCode} = 200</msg>
<status status="PASS" starttime="20200203 15:46:08.532" endtime="20200203 15:46:08.533"></status>
</kw>
<kw name="Should Be Equal" library="BuiltIn">
<doc>Fails if the given objects are unequal.</doc>
<arguments>
<arg>${statusCode}</arg>
<arg>200</arg>
</arguments>
<status status="PASS" starttime="20200203 15:46:08.533" endtime="20200203 15:46:08.533"></status>
</kw>
<kw name="Log To Console" library="BuiltIn">
<doc>Logs the given message to the console.</doc>
<arguments>
<arg>${response.content}</arg>
</arguments>
<status status="PASS" starttime="20200203 15:46:08.534" endtime="20200203 15:46:08.539"></status>
</kw>
<kw name="To Json" library="RequestsLibrary">
<doc>Convert a string to a JSON object</doc>
<arguments>
<arg>${response.content}</arg>
</arguments>
<assign>
<var>${bodyJSon}</var>
</assign>
<msg timestamp="20200203 15:46:08.540" level="INFO">To JSON using : content=[{"codigo":"20252208578","cuil":"20252208578","descripcion":"JOSE GARCIA","habilitado":"Si","penalizado":false,"estaHabilitado":true,"id":1},{"codigo":"20263008570","cuil":"20263008570","descripcion":"MARIO TAVERNA","habilitado":"Si","penalizado":false,"estaHabilitado":true,"id":2},{"codigo":"20273948571","cuil":"20273948571","descripcion":"ARIEL CAPENAGUI","habilitado":"Si","penalizado":false,"estaHabilitado":true,"id":3},{"codigo":"20062572036","cuil":"20062572036","descripcion":"JOSE BUSCIGLUO","habilitado":"No","penalizado":false,"estaHabilitado":false,"id":3370},{"codigo":"20201396248","cuil":"20201396248","descripcion":"BUSCIGLIO GABRIEL","habilitado":"Si","penalizado":false,"estaHabilitado":true,"id":24294},{"codigo":"20315333505","cuil":"20315333505","descripcion":"RODRIGUEZ","habilitado":"Si","penalizado":false,"estaHabilitado":true,"id":24295},{"codigo":"20380000009","cuil":"20380000009","descripcion":"PRUEBA CENTRAL","habilitado":"Si","penalizado":false,"estaHabilitado":true,"id":24296},{"codigo":"20377153228","cuil":"20377153228","descripcion":"RODRIGUEZ","habilitado":"Si","penalizado":false,"estaHabilitado":true,"id":2024295},{"codigo":"20049703717","cuil":"20049703717","descripcion":"RODRIGUEZ","habilitado":"Si","penalizado":false,"estaHabilitado":true,"id":2024296},{"codigo":"20049703393","cuil":"20049703393","descripcion":"RODRIGUEZ","habilitado":"Si","penalizado":false,"estaHabilitado":true,"id":2024297},{"codigo":"20049556692","cuil":"20049556692","descripcion":"RODRIGUEZ","habilitado":"Si","penalizado":false,"estaHabilitado":true,"id":2024298},{"codigo":"20049128801","cuil":"20049128801","descripcion":"RODRIGUEZ","habilitado":"Si","penalizado":false,"estaHabilitado":true,"id":2024299},{"codigo":"20049104791","cuil":"20049104791","descripcion":"RODRIGUEZ","habilitado":"Si","penalizado":false,"estaHabilitado":true,"id":2024300},{"codigo":"20048910808","cuil":"20048910808","descripcion":"RODRIGUEZ","habilitado":"Si","penalizado":false,"estaHabilitado":true,"id":2024301},{"codigo":"20048711171","cuil":"20048711171","descripcion":"RODRIGUEZ","habilitado":"Si","penalizado":false,"estaHabilitado":true,"id":2024302},{"codigo":"20047532796","cuil":"20047532796","descripcion":"RODRIGUEZ","habilitado":"Si","penalizado":false,"estaHabilitado":true,"id":2024303},{"codigo":"20047523401","cuil":"20047523401","descripcion":"RODRIGUEZ","habilitado":"Si","penalizado":false,"estaHabilitado":true,"id":2024304},{"codigo":"20047509069","cuil":"20047509069","descripcion":"RODRIGUEZ","habilitado":"Si","penalizado":false,"estaHabilitado":true,"id":2024305},{"codigo":"20047507244","cuil":"20047507244","descripcion":"RODRIGUEZ","habilitado":"Si","penalizado":false,"estaHabilitado":true,"id":2024306},{"codigo":"20047492972","cuil":"20047492972","descripcion":"RODRIGUEZ","habilitado":"Si","penalizado":false,"estaHabilitado":true,"id":2024307},{"codigo":"20047450145","cuil":"20047450145","descripcion":"RODRIGUEZ","habilitado":"Si","penalizado":false,"estaHabilitado":true,"id":2024308},{"codigo":"20047421986","cuil":"20047421986","descripcion":"RODRIGUEZ","habilitado":"Si","penalizado":false,"estaHabilitado":true,"id":2024309},{"codigo":"20047141363","cuil":"20047141363","descripcion":"RODRIGUEZ","habilitado":"Si","penalizado":false,"estaHabilitado":true,"id":2024310},{"codigo":"20047117268","cuil":"20047117268","descripcion":"RODRIGUEZ","habilitado":"Si","penalizado":false,"estaHabilitado":true,"id":2024311},{"codigo":"20047084386","cuil":"20047084386","descripcion":"RODRIGUEZ","habilitado":"Si","penalizado":false,"estaHabilitado":true,"id":2024312},{"codigo":"20047067112","cuil":"20047067112","descripcion":"RODRIGUEZ","habilitado":"Si","penalizado":false,"estaHabilitado":true,"id":2024313},{"codigo":"20047065705","cuil":"20047065705","descripcion":"RODRIGUEZ","habilitado":"Si","penalizado":false,"estaHabilitado":true,"id":2024314},{"codigo":"20047065616","cuil":"20047065616","descripcion":"RODRIGUEZ","habilitado":"Si","penalizado":false,"estaHabilitado":true,"id":2024315},{"codigo":"20046998856","cuil":"20046998856","descripcion":"RODRIGUEZ","habilitado":"Si","penalizado":false,"estaHabilitado":true,"id":2024316},{"codigo":"20046993730","cuil":"20046993730","descripcion":"RODRIGUEZ","habilitado":"Si","penalizado":false,"estaHabilitado":true,"id":2024317},{"codigo":"20015791218","cuil":"20015791218","descripcion":"RODRIGUEZ","habilitado":"Si","penalizado":false,"estaHabilitado":true,"id":2024318},{"codigo":"20028664797","cuil":"20028664797","descripcion":"SCHECHTEL EDGARDO","habilitado":"Si","penalizado":false,"estaHabilitado":true,"id":2024319},{"codigo":"20044933889","cuil":"20044933889","descripcion":"ROIG HECTRO","habilitado":"Si","penalizado":false,"estaHabilitado":true,"id":2024320},{"codigo":"20046436033","cuil":"20046436033","descripcion":"LOUS MIGUEL","habilitado":"Si","penalizado":false,"estaHabilitado":true,"id":2024321},{"codigo":"20046449674","cuil":"20046449674","descripcion":"CALLEJO HECTOR","habilitado":"Si","penalizado":false,"estaHabilitado":true,"id":2024322},{"codigo":"20046643799","cuil":"20046643799","descripcion":"CARBONAZZI R","habilitado":"Si","penalizado":false,"estaHabilitado":true,"id":2024323},{"codigo":"20046789890","cuil":"20046789890","descripcion":"HERNANDEZ ALBERTO","habilitado":"Si","penalizado":false,"estaHabilitado":true,"id":2024324},{"codigo":"20046852134","cuil":"20046852134","descripcion":"CONFORTOLA ENRIQUE","habilitado":"Si","penalizado":false,"estaHabilitado":true,"id":2024325},{"codigo":"20046858264","cuil":"20046858264","descripcion":"PONCE NESTOR","habilitado":"Si","penalizado":false,"estaHabilitado":true,"id":2024326},{"codigo":"20046880448","cuil":"20046880448","descripcion":"BOMBARDIERI CARLOS","habilitado":"Si","penalizado":false,"estaHabilitado":true,"id":2024327},{"codigo":"20046883331","cuil":"20046883331","descripcion":"CARRO ORLANDO FRANCISCO","habilitado":"Si","penalizado":false,"estaHabilitado":true,"id":2024328},{"codigo":"20046886845","cuil":"20046886845","descripcion":"PORRI EDGARDO","habilitado":"Si","penalizado":false,"estaHabilitado":true,"id":2024329},{"codigo":"20046929684","cuil":"20046929684","descripcion":"GARDEÑES DOMINGO A","habilitado":"Si","penalizado":false,"estaHabilitado":true,"id":2024330},{"codigo":"20046935412","cuil":"20046935412","descripcion":"MARTINEZ H","habilitado":"Si","penalizado":false,"estaHabilitado":true,"id":2024331},{"codigo":"20046945256","cuil":"20046945256","descripcion":"MILICHIO ROGELIO","habilitado":"Si","penalizado":false,"estaHabilitado":true,"id":2024332},{"codigo":"20046947828","cuil":"20046947828","descripcion":"LEGUIZAMON DAVID","habilitado":"Si","penalizado":false,"estaHabilitado":true,"id":2024333},{"codigo":"20046955820","cuil":"20046955820","descripcion":"MONTALDI GASTON ALEJANDRO","habilitado":"Si","penalizado":false,"estaHabilitado":true,"id":2024334},{"codigo":"20046961480","cuil":"20046961480","descripcion":"VEGGI JORGE HORACIO","habilitado":"Si","penalizado":false,"estaHabilitado":true,"id":2024335},{"codigo":"20046970226","cuil":"20046970226","descripcion":"NITIU RAUL","habilitado":"Si","penalizado":false,"estaHabilitado":true,"id":2024336},{"codigo":"20046993730","cuil":"20046993730","descripcion":"TAPIA JOSE LUIS","habilitado":"Si","penalizado":false,"estaHabilitado":true,"id":2024337},{"codigo":"20046998856","cuil":"20046998856","descripcion":"REYES SANTOS HUMBERTO","habilitado":"No","penalizado":false,"estaHabilitado":false,"id":2024338},{"codigo":"20047065616","cuil":"20047065616","descripcion":"CALDERETI LUIS","habilitado":"No","penalizado":false,"estaHabilitado":false,"id":2024339},{"codigo":"20047065705","cuil":"20047065705","descripcion":"MAZZAFERRO","habilitado":"No","penalizado":false,"estaHabilitado":false,"id":2024340},{"codigo":"20047067112","cuil":"20047067112","descripcion":"BOMBATTE RAUL","habilitado":"No","penalizado":false,"estaHabilitado":false,"id":2024341},{"codigo":"20047084386","cuil":"20047084386","descripcion":"RUIZ SALOMON HERNES","habilitado":"No","penalizado":false,"estaHabilitado":false,"id":2024342},{"codigo":"20047117268","cuil":"20047117268","descripcion":"MONTEVIDONE C","habilitado":"No","penalizado":false,"estaHabilitado":false,"id":2024343},{"codigo":"20047141363","cuil":"20047141363","descripcion":"CORCUERA JORGE","habilitado":"No","penalizado":false,"estaHabilitado":false,"id":2024344},{"codigo":"20047421986","cuil":"20047421986","descripcion":"AREVALO NICOLAS","habilitado":"No","penalizado":false,"estaHabilitado":false,"id":2024345},{"codigo":"20047450145","cuil":"20047450145","descripcion":"CHIMINELLI JUAN","habilitado":"No","penalizado":false,"estaHabilitado":false,"id":2024346},{"codigo":"20047492972","cuil":"20047492972","descripcion":"LEONELLI ANDRES","habilitado":"No","penalizado":false,"estaHabilitado":false,"id":2024347},{"codigo":"20047507244","cuil":"20047507244","descripcion":"GIGENA JUAN RODOLFO","habilitado":"No","penalizado":false,"estaHabilitado":false,"id":2024348},{"codigo":"20047509069","cuil":"20047509069","descripcion":"TARSETTI JUAN","habilitado":"No","penalizado":false,"estaHabilitado":false,"id":2024349},{"codigo":"20047523401","cuil":"20047523401","descripcion":"SOUZA N","habilitado":"No","penalizado":false,"estaHabilitado":false,"id":2024350},{"codigo":"20047532796","cuil":"20047532796","descripcion":"GONZALES RAMON","habilitado":"No","penalizado":false,"estaHabilitado":false,"id":2024351},{"codigo":"20048711171","cuil":"20048711171","descripcion":"RODRIGUEZ ALBERTO","habilitado":"No","penalizado":false,"estaHabilitado":false,"id":2024352},{"codigo":"20048910808","cuil":"20048910808","descripcion":"KAFEDJISKY JUAN","habilitado":"No","penalizado":false,"estaHabilitado":false,"id":2024353},{"codigo":"20049104791","cuil":"20049104791","descripcion":"FERREYRA ENRIQUE EDUARDO","habilitado":"No","penalizado":false,"estaHabilitado":false,"id":2024354},{"codigo":"20049128801","cuil":"20049128801","descripcion":"DELL ORO A","habilitado":"No","penalizado":false,"estaHabilitado":false,"id":2024355},{"codigo":"20049556692","cuil":"20049556692","descripcion":"BOVERI JOSE","habilitado":"No","penalizado":false,"estaHabilitado":false,"id":2024356},{"codigo":"20049703393","cuil":"20049703393","descripcion":"ARISTIMUÑO JUAN","habilitado":"No","penalizado":false,"estaHabilitado":false,"id":2024357},{"codigo":"20049703717","cuil":"20049703717","descripcion":"ROSALES ENRIQUE","habilitado":"No","penalizado":false,"estaHabilitado":false,"id":2024358},{"codigo":"20049703849","cuil":"20049703849","descripcion":"LUNA RAMON","habilitado":"No","penalizado":false,"estaHabilitado":false,"id":2024359},{"codigo":"20049711337","cuil":"20049711337","descripcion":"RODRIGUEZ MIGUEL","habilitado":"No","penalizado":false,"estaHabilitado":false,"id":2024360},{"codigo":"20049718293","cuil":"20049718293","descripcion":"MEDINA FABIO","habilitado":"No","penalizado":false,"estaHabilitado":false,"id":2024361},{"codigo":"20049729635","cuil":"20049729635","descripcion":"CAGGEANO O","habilitado":"No","penalizado":false,"estaHabilitado":false,"id":2024362},{"codigo":"20049735791","cuil":"20049735791","descripcion":"ALOE FELIX","habilitado":"No","penalizado":false,"estaHabilitado":false,"id":2024363},{"codigo":"20049772190","cuil":"20049772190","descripcion":"DENISIO J","habilitado":"No","penalizado":false,"estaHabilitado":false,"id":2024364},{"codigo":"20049779225","cuil":"20049779225","descripcion":"TOCCI OSCAR","habilitado":"No","penalizado":false,"estaHabilitado":false,"id":2024365},{"codigo":"20049783257","cuil":"20049783257","descripcion":"DANGELO OMAR","habilitado":"No","penalizado":false,"estaHabilitado":false,"id":2024366},{"codigo":"20049873132","cuil":"20049873132","descripcion":"LEOHARDT ROBERTO","habilitado":"No","penalizado":false,"estaHabilitado":false,"id":2024367},{"codigo":"20049879319","cuil":"20049879319","descripcion":"ROUX JORGE","habilitado":"No","penalizado":false,"estaHabilitado":false,"id":2024368},{"codigo":"20049881348","cuil":"20049881348","descripcion":"LOPEZ MARIO","habilitado":"No","penalizado":false,"estaHabilitado":false,"id":2024369},{"codigo":"20049883154","cuil":"20049883154","descripcion":"DI FEDERICO","habilitado":"No","penalizado":false,"estaHabilitado":false,"id":2024370},{"codigo":"20049883529","cuil":"20049883529","descripcion":"DE LAS HERAS CARLOS","habilitado":"No","penalizado":false,"estaHabilitado":false,"id":2024371},{"codigo":"20049885408","cuil":"20049885408","descripcion":"DIAZ MIGUEL","habilitado":"No","penalizado":false,"estaHabilitado":false,"id":2024372},{"codigo":"20049887540","cuil":"20049887540","descripcion":"DI  ROCCO SANTOS","habilitado":"No","penalizado":false,"estaHabilitado":false,"id":2024373},{"codigo":"20049887567","cuil":"20049887567","descripcion":"ZUBIRI ALDO","habilitado":"No","penalizado":false,"estaHabilitado":false,"id":2024374},{"codigo":"20049887613","cuil":"20049887613","descripcion":"FJELLERUP PABLO","habilitado":"No","penalizado":false,"estaHabilitado":false,"id":2024375},{"codigo":"20049887745","cuil":"20049887745","descripcion":"SACCO CARLOS","habilitado":"No","penalizado":false,"estaHabilitado":false,"id":2024376},{"codigo":"20049899980","cuil":"20049899980","descripcion":"CUITA M","habilitado":"No","penalizado":false,"estaHabilitado":false,"id":2024377},{"codigo":"20049940573","cuil":"20049940573","descripcion":"RIVAS PEDRO","habilitado":"No","penalizado":false,"estaHabilitado":false,"id":2024378},{"codigo":"20049940727","cuil":"20049940727","descripcion":"ACUÑA A","habilitado":"No","penalizado":false,"estaHabilitado":false,"id":2024379},{"codigo":"20049940735","cuil":"20049940735","descripcion":"POVEDA ANGEL","habilitado":"No","penalizado":false,"estaHabilitado":false,"id":2024380},{"codigo":"20049940808","cuil":"20049940808","descripcion":"ELISSAMBURU ROBERTO","habilitado":"No","penalizado":false,"estaHabilitado":false,"id":2024381},{"codigo":"20049945699","cuil":"20049945699","descripcion":"BARRERA ARMANDO","habilitado":"No","penalizado":false,"estaHabilitado":false,"id":2024382},{"codigo":"20049954221","cuil":"20049954221","descripcion":"BORGHI","habilitado":"No","penalizado":false,"estaHabilitado":false,"id":2024383},{"codigo":"20050455727","cuil":"20050455727","descripcion":"LAMBRUSCHINI A","habilitado":"No","penalizado":false,"estaHabilitado":false,"id":2024384},{"codigo":"20050467814","cuil":"20050467814","descripcion":"PANZIRAGHIR","habilitado":"No","penalizado":false,"estaHabilitado":false,"id":2024385},{"codigo":"20050487556","cuil":"20050487556","descripcion":"VICENTE ARMANDO","habilitado":"No","penalizado":false,"estaHabilitado":false,"id":2024386},{"codigo":"20050564410","cuil":"20050564410","descripcion":"JAYO NORBERTO","habilitado":"No","penalizado":false,"estaHabilitado":false,"id":2024387},{"codigo":"20050568785","cuil":"20050568785","descripcion":"CDATTAINI CARLOS","habilitado":"No","penalizado":false,"estaHabilitado":false,"id":2024388},{"codigo":"20050597793","cuil":"20050597793","descripcion":"HERNANDEZ RUBEN","habilitado":"No","penalizado":false,"estaHabilitado":false,"id":2024389},{"codigo":"20050598315","cuil":"20050598315","descripcion":"GONZALES CRISTOBAL","habilitado":"No","penalizado":false,"estaHabilitado":false,"id":2024390},{"codigo":"20050605303","cuil":"20050605303","descripcion":"BRION ARMANDO","habilitado":"No","penalizado":false,"estaHabilitado":false,"id":2024391},{"codigo":"20050610889","cuil":"20050610889","descripcion":"MAINERI C","habilitado":"No","penalizado":false,"estaHabilitado":false,"id":2024392},{"codigo":"20050619037","cuil":"20050619037","descripcion":"CERASA MARIO","habilitado":"No","penalizado":false,"estaHabilitado":false,"id":2024393},{"codigo":"20050621244","cuil":"20050621244","descripcion":"ALFONSO PEDRO","habilitado":"No","penalizado":false,"estaHabilitado":false,"id":2024394},{"codigo":"20050624308","cuil":"20050624308","descripcion":"ROTELA JOSE","habilitado":"No","penalizado":false,"estaHabilitado":false,"id":2024395},{"codigo":"20050635733","cuil":"20050635733","descripcion":"ORTOLOCHIPI RICARDO","habilitado":"No","penalizado":false,"estaHabilitado":false,"id":2024396},{"codigo":"20050637337","cuil":"20050637337","descripcion":"MARCIANO HUGO","habilitado":"No","penalizado":false,"estaHabilitado":false,"id":2024397},{"codigo":"20050654525","cuil":"20050654525","descripcion":"CABRETON RUBEN","habilitado":"No","penalizado":false,"estaHabilitado":false,"id":2024398},{"codigo":"20050657400","cuil":"20050657400","descripcion":"ZOCCO ALFREDO","habilitado":"No","penalizado":false,"estaHabilitado":false,"id":2024399},{"codigo":"20050663028","cuil":"20050663028","descripcion":"RIVARA AGUSTO","habilitado":"No","penalizado":false,"estaHabilitado":false,"id":2024400},{"codigo":"20050665462","cuil":"20050665462","descripcion":"BRUNENGO JUAN JOSE","habilitado":"No","penalizado":false,"estaHabilitado":false,"id":2024401},{"codigo":"20050676391","cuil":"20050676391","descripcion":"CORONEL OSCAR","habilitado":"No","penalizado":false,"estaHabilitado":false,"id":2024402},{"codigo":"20050688993","cuil":"20050688993","descripcion":"RIOS J","habilitado":"No","penalizado":false,"estaHabilitado":false,"id":2024403},{"codigo":"20050689639","cuil":"20050689639","descripcion":"BRUZZECHESSE JORGE","habilitado":"No","penalizado":false,"estaHabilitado":false,"id":2024404},{"codigo":"20050831257","cuil":"20050831257","descripcion":"GOROSITO LUIS","habilitado":"No","penalizado":false,"estaHabilitado":false,"id":2024405},{"codigo":"20050841236","cuil":"20050841236","descripcion":"MIGUEL ANGEL","habilitado":"No","penalizado":false,"estaHabilitado":false,"id":2024406},{"codigo":"20050870821","cuil":"20050870821","descripcion":"NOIR G","habilitado":"No","penalizado":false,"estaHabilitado":false,"id":2024407},{"codigo":"20050874460","cuil":"20050874460","descripcion":"PEZZATTI JULIO","habilitado":"No","penalizado":false,"estaHabilitado":false,"id":2024408},{"codigo":"20050874959","cuil":"20050874959","descripcion":"LARA R","habilitado":"No","penalizado":false,"estaHabilitado":false,"id":2024409},{"codigo":"20050875955","cuil":"20050875955","descripcion":"MAGGI JUAN CARLOS","habilitado":"No","penalizado":false,"estaHabilitado":false,"id":2024410},{"codigo":"20051986327","cuil":"20051986327","descripcion":"MARTIN J","habilitado":"No","penalizado":false,"estaHabilitado":false,"id":2024411},{"codigo":"20052095744","cuil":"20052095744","descripcion":"ITURBIDE HUGO","habilitado":"No","penalizado":false,"estaHabilitado":false,"id":2024412},{"codigo":"20052109826","cuil":"20052109826","descripcion":"CALO LUIS","habilitado":"No","penalizado":false,"estaHabilitado":false,"id":2024413},{"codigo":"20052157677","cuil":"20052157677","descripcion":"BONA FERNANDO ORLANDO","habilitado":"No","penalizado":false,"estaHabilitado":false,"id":2024414},{"codigo":"20052158614","cuil":"20052158614","descripcion":"STANLEY RODOLFO","habilitado":"No","penalizado":false,"estaHabilitado":false,"id":2024415},{"codigo":"20052177724","cuil":"20052177724","descripcion":"BERNARDO J","habilitado":"No","penalizado":false,"estaHabilitado":false,"id":2024416},{"codigo":"20052178402","cuil":"20052178402","descripcion":"FEGAN ISMAEL","habilitado":"No","penalizado":false,"estaHabilitado":false,"id":2024417},{"codigo":"20052449589","cuil":"20052449589","descripcion":"SANCHEZ JUAN CARLOS","habilitado":"No","penalizado":false,"estaHabilitado":false,"id":2024418},{"codigo":"20052449783","cuil":"20052449783","descripcion":"MARTIN RODOLFO","habilitado":"No","penalizado":false,"estaHabilitado":false,"id":2024419},{"codigo":"20052465231","cuil":"20052465231","descripcion":"DAVANT RUBEN","habilitado":"No","penalizado":false,"estaHabilitado":false,"id":2024420},{"codigo":"20052489319","cuil":"20052489319","descripcion":"IRIARTE FLORENCIO","habilitado":"No","penalizado":false,"estaHabilitado":false,"id":2024421},{"codigo":"20052495262","cuil":"20052495262","descripcion":"TURANI JUAN","habilitado":"No","penalizado":false,"estaHabilitado":false,"id":2024422},{"codigo":"20052502838","cuil":"20052502838","descripcion":"BARRIONUEVO LUIS OSCAR","habilitado":"No","penalizado":false,"estaHabilitado":false,"id":2024423},{"codigo":"20052503885","cuil":"20052503885","descripcion":"GARCIA","habilitado":"No","penalizado":false,"estaHabilitado":false,"id":2024424},{"codigo":"20052522006","cuil":"20052522006","descripcion":"CASTELLUCIO RODOLFO","habilitado":"No","penalizado":false,"estaHabilitado":false,"id":2024425},{"codigo":"20052525196","cuil":"20052525196","descripcion":"RODRIGUEZ LUIS","habilitado":"No","penalizado":false,"estaHabilitado":false,"id":2024426},{"codigo":"20052526567","cuil":"20052526567","descripcion":"DAMASO JOSE","habilitado":"No","penalizado":false,"estaHabilitado":false,"id":2024427},{"codigo":"20052538611","cuil":"20052538611","descripcion":"AISCORBE H","habilitado":"No","penalizado":false,"estaHabilitado":false,"id":2024428},{"codigo":"20052542503","cuil":"20052542503","descripcion":"FERRO JORGE","habilitado":"No","penalizado":false,"estaHabilitado":false,"id":2024429},{"codigo":"20052542848","cuil":"20052542848","descripcion":"GUALDIERI C","habilitado":"No","penalizado":false,"estaHabilitado":false,"id":2024430},{"codigo":"20052545030","cuil":"20052545030","descripcion":"CASTRO M","habilitado":"No","penalizado":false,"estaHabilitado":false,"id":2024431},{"codigo":"20052556725","cuil":"20052556725","descripcion":"DAMASO OMAR","habilitado":"No","penalizado":false,"estaHabilitado":false,"id":2024432},{"codigo":"20052556954","cuil":"20052556954","descripcion":"ARANDA HECTOR","habilitado":"No","penalizado":false,"estaHabilitado":false,"id":2024433},{"codigo":"20052563349","cuil":"20052563349","descripcion":"QUIROGA JOSE","habilitado":"No","penalizado":false,"estaHabilitado":false,"id":2024434},{"codigo":"20052565104","cuil":"20052565104","descripcion":"TEDESCO HUGO","habilitado":"No","penalizado":false,"estaHabilitado":false,"id":2024435},{"codigo":"20052572860","cuil":"20052572860","descripcion":"MATA JUAN","habilitado":"Si","penalizado":false,"estaHabilitado":true,"id":2024436},{"codigo":"20052572895","cuil":"20052572895","descripcion":"DANIEL","habilitado":"Si","penalizado":false,"estaHabilitado":true,"id":2024437},{"codigo":"20384482490","cuil":"20384482490","descripcion":"lianza franco","habilitado":"Si","penalizado":false,"estaHabilitado":true,"id":2024438},{"codigo":"20361192959","cuil":"20361192959","descripcion":"ANDRESLANE","habilitado":"Si","penalizado":false,"estaHabilitado":true,"id":2024439},{"codigo":"20053796835","cuil":"20053796835","descripcion":"ALIAS ROBERTO","habilitado":"Si","penalizado":false,"estaHabilitado":true,"id":2024440},{"codigo":"20322106743","cuil":"20322106743","descripcion":"MIRO MARCOS GERMAN","habilitado":"Si","penalizado":false,"estaHabilitado":true,"id":2024441},{"codigo":"20366318926","cuil":"20366318926","descripcion":"Carlos Bollatti","habilitado":"Si","penalizado":false,"estaHabilitado":true,"id":2024442},{"codigo":"20269125552","cuil":"20269125552","descripcion":"Olivier","habilitado":"Si","penalizado":false,"estaHabilitado":true,"id":2024443}] </msg>
<msg timestamp="20200203 15:46:08.540" level="INFO">To JSON using : pretty_print=False </msg>
<msg timestamp="20200203 15:46:08.540" level="INFO">${bodyJSon} = [{'codigo': '20252208578', 'cuil': '20252208578', 'descripcion': 'JOSE GARCIA', 'habilitado': 'Si', 'penalizado': False, 'estaHabilitado': True, 'id': 1}, {'codigo': '20263008570', 'cuil': '2026300857...</msg>
<status status="PASS" starttime="20200203 15:46:08.539" endtime="20200203 15:46:08.540"></status>
</kw>
<kw name="Get Value From Json" library="JSONLibrary">
<doc>Get Value From JSON using JSONPath</doc>
<arguments>
<arg>${bodyJSon}</arg>
<arg>$[0].descripcion</arg>
</arguments>
<assign>
<var>${desc}</var>
</assign>
<msg timestamp="20200203 15:46:08.548" level="INFO">${desc} = ['JOSE GARCIA']</msg>
<status status="PASS" starttime="20200203 15:46:08.541" endtime="20200203 15:46:08.548"></status>
</kw>
<kw name="Set Variable" library="BuiltIn">
<doc>Returns the given values which can then be assigned to a variables.</doc>
<arguments>
<arg>${response.json()}</arg>
</arguments>
<assign>
<var>@{Dicc}</var>
</assign>
<msg timestamp="20200203 15:46:08.563" level="INFO">@{Dicc} = [ {'codigo': '20252208578', 'cuil': '20252208578', 'descripcion': 'JOSE GARCIA', 'habilitado': 'Si', 'penalizado': False, 'estaHabilitado': True, 'id': 1} | {'codigo': '20263008570', 'cuil': '20263008...</msg>
<status status="PASS" starttime="20200203 15:46:08.548" endtime="20200203 15:46:08.563"></status>
</kw>
<kw name="${item} IN [ @{Dicc} ]" type="for">
<kw name="${item} = {'codigo': '20252208578', 'cuil': '20252208578', 'descripcion': 'JOSE GARCIA', 'habilitado': 'Si', 'penalizado': False, 'estaHabilitado': True, 'id': 1}" type="foritem">
<kw name="Get From Dictionary" library="Collections">
<doc>Returns a value from the given ``dictionary`` based on the given ``key``.</doc>
<arguments>
<arg>${item}</arg>
<arg>codigo</arg>
</arguments>
<assign>
<var>${codigo}</var>
</assign>
<msg timestamp="20200203 15:46:08.565" level="INFO">${codigo} = 20252208578</msg>
<status status="PASS" starttime="20200203 15:46:08.564" endtime="20200203 15:46:08.565"></status>
</kw>
<kw name="Log To Console" library="BuiltIn">
<doc>Logs the given message to the console.</doc>
<arguments>
<arg>${codigo}</arg>
</arguments>
<status status="PASS" starttime="20200203 15:46:08.565" endtime="20200203 15:46:08.565"></status>
</kw>
<status status="PASS" starttime="20200203 15:46:08.564" endtime="20200203 15:46:08.565"></status>
</kw>
<kw name="${item} = {'codigo': '20263008570', 'cuil': '20263008570', 'descripcion': 'MARIO TAVERNA', 'habilitado': 'Si', 'penalizado': False, 'estaHabilitado': True, 'id': 2}" type="foritem">
<kw name="Get From Dictionary" library="Collections">
<doc>Returns a value from the given ``dictionary`` based on the given ``key``.</doc>
<arguments>
<arg>${item}</arg>
<arg>codigo</arg>
</arguments>
<assign>
<var>${codigo}</var>
</assign>
<msg timestamp="20200203 15:46:08.566" level="INFO">${codigo} = 20263008570</msg>
<status status="PASS" starttime="20200203 15:46:08.566" endtime="20200203 15:46:08.566"></status>
</kw>
<kw name="Log To Console" library="BuiltIn">
<doc>Logs the given message to the console.</doc>
<arguments>
<arg>${codigo}</arg>
</arguments>
<status status="PASS" starttime="20200203 15:46:08.566" endtime="20200203 15:46:08.566"></status>
</kw>
<status status="PASS" starttime="20200203 15:46:08.566" endtime="20200203 15:46:08.566"></status>
</kw>
<kw name="${item} = {'codigo': '20273948571', 'cuil': '20273948571', 'descripcion': 'ARIEL CAPENAGUI', 'habilitado': 'Si', 'penalizado': False, 'estaHabilitado': True, 'id': 3}" type="foritem">
<kw name="Get From Dictionary" library="Collections">
<doc>Returns a value from the given ``dictionary`` based on the given ``key``.</doc>
<arguments>
<arg>${item}</arg>
<arg>codigo</arg>
</arguments>
<assign>
<var>${codigo}</var>
</assign>
<msg timestamp="20200203 15:46:08.567" level="INFO">${codigo} = 20273948571</msg>
<status status="PASS" starttime="20200203 15:46:08.567" endtime="20200203 15:46:08.567"></status>
</kw>
<kw name="Log To Console" library="BuiltIn">
<doc>Logs the given message to the console.</doc>
<arguments>
<arg>${codigo}</arg>
</arguments>
<status status="PASS" starttime="20200203 15:46:08.567" endtime="20200203 15:46:08.567"></status>
</kw>
<status status="PASS" starttime="20200203 15:46:08.566" endtime="20200203 15:46:08.568"></status>
</kw>
<kw name="${item} = {'codigo': '20062572036', 'cuil': '20062572036', 'descripcion': 'JOSE BUSCIGLUO', 'habilitado': 'No', 'penalizado': False, 'estaHabilitado': False, 'id': 3370}" type="foritem">
<kw name="Get From Dictionary" library="Collections">
<doc>Returns a value from the given ``dictionary`` based on the given ``key``.</doc>
<arguments>
<arg>${item}</arg>
<arg>codigo</arg>
</arguments>
<assign>
<var>${codigo}</var>
</assign>
<msg timestamp="20200203 15:46:08.568" level="INFO">${codigo} = 20062572036</msg>
<status status="PASS" starttime="20200203 15:46:08.568" endtime="20200203 15:46:08.568"></status>
</kw>
<kw name="Log To Console" library="BuiltIn">
<doc>Logs the given message to the console.</doc>
<arguments>
<arg>${codigo}</arg>
</arguments>
<status status="PASS" starttime="20200203 15:46:08.568" endtime="20200203 15:46:08.569"></status>
</kw>
<status status="PASS" starttime="20200203 15:46:08.568" endtime="20200203 15:46:08.569"></status>
</kw>
<kw name="${item} = {'codigo': '20201396248', 'cuil': '20201396248', 'descripcion': 'BUSCIGLIO GABRIEL', 'habilitado': 'Si', 'penalizado': False, 'estaHabilitado': True, 'id': 24294}" type="foritem">
<kw name="Get From Dictionary" library="Collections">
<doc>Returns a value from the given ``dictionary`` based on the given ``key``.</doc>
<arguments>
<arg>${item}</arg>
<arg>codigo</arg>
</arguments>
<assign>
<var>${codigo}</var>
</assign>
<msg timestamp="20200203 15:46:08.570" level="INFO">${codigo} = 20201396248</msg>
<status status="PASS" starttime="20200203 15:46:08.569" endtime="20200203 15:46:08.570"></status>
</kw>
<kw name="Log To Console" library="BuiltIn">
<doc>Logs the given message to the console.</doc>
<arguments>
<arg>${codigo}</arg>
</arguments>
<status status="PASS" starttime="20200203 15:46:08.570" endtime="20200203 15:46:08.570"></status>
</kw>
<status status="PASS" starttime="20200203 15:46:08.569" endtime="20200203 15:46:08.570"></status>
</kw>
<kw name="${item} = {'codigo': '20315333505', 'cuil': '20315333505', 'descripcion': 'RODRIGUEZ', 'habilitado': 'Si', 'penalizado': False, 'estaHabilitado': True, 'id': 24295}" type="foritem">
<kw name="Get From Dictionary" library="Collections">
<doc>Returns a value from the given ``dictionary`` based on the given ``key``.</doc>
<arguments>
<arg>${item}</arg>
<arg>codigo</arg>
</arguments>
<assign>
<var>${codigo}</var>
</assign>
<msg timestamp="20200203 15:46:08.571" level="INFO">${codigo} = 20315333505</msg>
<status status="PASS" starttime="20200203 15:46:08.570" endtime="20200203 15:46:08.571"></status>
</kw>
<kw name="Log To Console" library="BuiltIn">
<doc>Logs the given message to the console.</doc>
<arguments>
<arg>${codigo}</arg>
</arguments>
<status status="PASS" starttime="20200203 15:46:08.571" endtime="20200203 15:46:08.571"></status>
</kw>
<status status="PASS" starttime="20200203 15:46:08.570" endtime="20200203 15:46:08.571"></status>
</kw>
<kw name="${item} = {'codigo': '20380000009', 'cuil': '20380000009', 'descripcion': 'PRUEBA CENTRAL', 'habilitado': 'Si', 'penalizado': False, 'estaHabilitado': True, 'id': 24296}" type="foritem">
<kw name="Get From Dictionary" library="Collections">
<doc>Returns a value from the given ``dictionary`` based on the given ``key``.</doc>
<arguments>
<arg>${item}</arg>
<arg>codigo</arg>
</arguments>
<assign>
<var>${codigo}</var>
</assign>
<msg timestamp="20200203 15:46:08.572" level="INFO">${codigo} = 20380000009</msg>
<status status="PASS" starttime="20200203 15:46:08.572" endtime="20200203 15:46:08.572"></status>
</kw>
<kw name="Log To Console" library="BuiltIn">
<doc>Logs the given message to the console.</doc>
<arguments>
<arg>${codigo}</arg>
</arguments>
<status status="PASS" starttime="20200203 15:46:08.572" endtime="20200203 15:46:08.573"></status>
</kw>
<status status="PASS" starttime="20200203 15:46:08.571" endtime="20200203 15:46:08.573"></status>
</kw>
<kw name="${item} = {'codigo': '20377153228', 'cuil': '20377153228', 'descripcion': 'RODRIGUEZ', 'habilitado': 'Si', 'penalizado': False, 'estaHabilitado': True, 'id': 2024295}" type="foritem">
<kw name="Get From Dictionary" library="Collections">
<doc>Returns a value from the given ``dictionary`` based on the given ``key``.</doc>
<arguments>
<arg>${item}</arg>
<arg>codigo</arg>
</arguments>
<assign>
<var>${codigo}</var>
</assign>
<msg timestamp="20200203 15:46:08.573" level="INFO">${codigo} = 20377153228</msg>
<status status="PASS" starttime="20200203 15:46:08.573" endtime="20200203 15:46:08.573"></status>
</kw>
<kw name="Log To Console" library="BuiltIn">
<doc>Logs the given message to the console.</doc>
<arguments>
<arg>${codigo}</arg>
</arguments>
<status status="PASS" starttime="20200203 15:46:08.573" endtime="20200203 15:46:08.574"></status>
</kw>
<status status="PASS" starttime="20200203 15:46:08.573" endtime="20200203 15:46:08.574"></status>
</kw>
<kw name="${item} = {'codigo': '20049703717', 'cuil': '20049703717', 'descripcion': 'RODRIGUEZ', 'habilitado': 'Si', 'penalizado': False, 'estaHabilitado': True, 'id': 2024296}" type="foritem">
<kw name="Get From Dictionary" library="Collections">
<doc>Returns a value from the given ``dictionary`` based on the given ``key``.</doc>
<arguments>
<arg>${item}</arg>
<arg>codigo</arg>
</arguments>
<assign>
<var>${codigo}</var>
</assign>
<msg timestamp="20200203 15:46:08.574" level="INFO">${codigo} = 20049703717</msg>
<status status="PASS" starttime="20200203 15:46:08.574" endtime="20200203 15:46:08.574"></status>
</kw>
<kw name="Log To Console" library="BuiltIn">
<doc>Logs the given message to the console.</doc>
<arguments>
<arg>${codigo}</arg>
</arguments>
<status status="PASS" starttime="20200203 15:46:08.574" endtime="20200203 15:46:08.575"></status>
</kw>
<status status="PASS" starttime="20200203 15:46:08.574" endtime="20200203 15:46:08.575"></status>
</kw>
<kw name="${item} = {'codigo': '20049703393', 'cuil': '20049703393', 'descripcion': 'RODRIGUEZ', 'habilitado': 'Si', 'penalizado': False, 'estaHabilitado': True, 'id': 2024297}" type="foritem">
<kw name="Get From Dictionary" library="Collections">
<doc>Returns a value from the given ``dictionary`` based on the given ``key``.</doc>
<arguments>
<arg>${item}</arg>
<arg>codigo</arg>
</arguments>
<assign>
<var>${codigo}</var>
</assign>
<msg timestamp="20200203 15:46:08.575" level="INFO">${codigo} = 20049703393</msg>
<status status="PASS" starttime="20200203 15:46:08.575" endtime="20200203 15:46:08.575"></status>
</kw>
<kw name="Log To Console" library="BuiltIn">
<doc>Logs the given message to the console.</doc>
<arguments>
<arg>${codigo}</arg>
</arguments>
<status status="PASS" starttime="20200203 15:46:08.575" endtime="20200203 15:46:08.576"></status>
</kw>
<status status="PASS" starttime="20200203 15:46:08.575" endtime="20200203 15:46:08.576"></status>
</kw>
<kw name="${item} = {'codigo': '20049556692', 'cuil': '20049556692', 'descripcion': 'RODRIGUEZ', 'habilitado': 'Si', 'penalizado': False, 'estaHabilitado': True, 'id': 2024298}" type="foritem">
<kw name="Get From Dictionary" library="Collections">
<doc>Returns a value from the given ``dictionary`` based on the given ``key``.</doc>
<arguments>
<arg>${item}</arg>
<arg>codigo</arg>
</arguments>
<assign>
<var>${codigo}</var>
</assign>
<msg timestamp="20200203 15:46:08.576" level="INFO">${codigo} = 20049556692</msg>
<status status="PASS" starttime="20200203 15:46:08.576" endtime="20200203 15:46:08.576"></status>
</kw>
<kw name="Log To Console" library="BuiltIn">
<doc>Logs the given message to the console.</doc>
<arguments>
<arg>${codigo}</arg>
</arguments>
<status status="PASS" starttime="20200203 15:46:08.576" endtime="20200203 15:46:08.577"></status>
</kw>
<status status="PASS" starttime="20200203 15:46:08.576" endtime="20200203 15:46:08.577"></status>
</kw>
<kw name="${item} = {'codigo': '20049128801', 'cuil': '20049128801', 'descripcion': 'RODRIGUEZ', 'habilitado': 'Si', 'penalizado': False, 'estaHabilitado': True, 'id': 2024299}" type="foritem">
<kw name="Get From Dictionary" library="Collections">
<doc>Returns a value from the given ``dictionary`` based on the given ``key``.</doc>
<arguments>
<arg>${item}</arg>
<arg>codigo</arg>
</arguments>
<assign>
<var>${codigo}</var>
</assign>
<msg timestamp="20200203 15:46:08.577" level="INFO">${codigo} = 20049128801</msg>
<status status="PASS" starttime="20200203 15:46:08.577" endtime="20200203 15:46:08.577"></status>
</kw>
<kw name="Log To Console" library="BuiltIn">
<doc>Logs the given message to the console.</doc>
<arguments>
<arg>${codigo}</arg>
</arguments>
<status status="PASS" starttime="20200203 15:46:08.577" endtime="20200203 15:46:08.577"></status>
</kw>
<status status="PASS" starttime="20200203 15:46:08.577" endtime="20200203 15:46:08.578"></status>
</kw>
<kw name="${item} = {'codigo': '20049104791', 'cuil': '20049104791', 'descripcion': 'RODRIGUEZ', 'habilitado': 'Si', 'penalizado': False, 'estaHabilitado': True, 'id': 2024300}" type="foritem">
<kw name="Get From Dictionary" library="Collections">
<doc>Returns a value from the given ``dictionary`` based on the given ``key``.</doc>
<arguments>
<arg>${item}</arg>
<arg>codigo</arg>
</arguments>
<assign>
<var>${codigo}</var>
</assign>
<msg timestamp="20200203 15:46:08.578" level="INFO">${codigo} = 20049104791</msg>
<status status="PASS" starttime="20200203 15:46:08.578" endtime="20200203 15:46:08.578"></status>
</kw>
<kw name="Log To Console" library="BuiltIn">
<doc>Logs the given message to the console.</doc>
<arguments>
<arg>${codigo}</arg>
</arguments>
<status status="PASS" starttime="20200203 15:46:08.578" endtime="20200203 15:46:08.578"></status>
</kw>
<status status="PASS" starttime="20200203 15:46:08.578" endtime="20200203 15:46:08.578"></status>
</kw>
<kw name="${item} = {'codigo': '20048910808', 'cuil': '20048910808', 'descripcion': 'RODRIGUEZ', 'habilitado': 'Si', 'penalizado': False, 'estaHabilitado': True, 'id': 2024301}" type="foritem">
<kw name="Get From Dictionary" library="Collections">
<doc>Returns a value from the given ``dictionary`` based on the given ``key``.</doc>
<arguments>
<arg>${item}</arg>
<arg>codigo</arg>
</arguments>
<assign>
<var>${codigo}</var>
</assign>
<msg timestamp="20200203 15:46:08.579" level="INFO">${codigo} = 20048910808</msg>
<status status="PASS" starttime="20200203 15:46:08.579" endtime="20200203 15:46:08.579"></status>
</kw>
<kw name="Log To Console" library="BuiltIn">
<doc>Logs the given message to the console.</doc>
<arguments>
<arg>${codigo}</arg>
</arguments>
<status status="PASS" starttime="20200203 15:46:08.579" endtime="20200203 15:46:08.579"></status>
</kw>
<status status="PASS" starttime="20200203 15:46:08.579" endtime="20200203 15:46:08.579"></status>
</kw>
<kw name="${item} = {'codigo': '20048711171', 'cuil': '20048711171', 'descripcion': 'RODRIGUEZ', 'habilitado': 'Si', 'penalizado': False, 'estaHabilitado': True, 'id': 2024302}" type="foritem">
<kw name="Get From Dictionary" library="Collections">
<doc>Returns a value from the given ``dictionary`` based on the given ``key``.</doc>
<arguments>
<arg>${item}</arg>
<arg>codigo</arg>
</arguments>
<assign>
<var>${codigo}</var>
</assign>
<msg timestamp="20200203 15:46:08.580" level="INFO">${codigo} = 20048711171</msg>
<status status="PASS" starttime="20200203 15:46:08.580" endtime="20200203 15:46:08.580"></status>
</kw>
<kw name="Log To Console" library="BuiltIn">
<doc>Logs the given message to the console.</doc>
<arguments>
<arg>${codigo}</arg>
</arguments>
<status status="PASS" starttime="20200203 15:46:08.580" endtime="20200203 15:46:08.580"></status>
</kw>
<status status="PASS" starttime="20200203 15:46:08.579" endtime="20200203 15:46:08.580"></status>
</kw>
<kw name="${item} = {'codigo': '20047532796', 'cuil': '20047532796', 'descripcion': 'RODRIGUEZ', 'habilitado': 'Si', 'penalizado': False, 'estaHabilitado': True, 'id': 2024303}" type="foritem">
<kw name="Get From Dictionary" library="Collections">
<doc>Returns a value from the given ``dictionary`` based on the given ``key``.</doc>
<arguments>
<arg>${item}</arg>
<arg>codigo</arg>
</arguments>
<assign>
<var>${codigo}</var>
</assign>
<msg timestamp="20200203 15:46:08.581" level="INFO">${codigo} = 20047532796</msg>
<status status="PASS" starttime="20200203 15:46:08.580" endtime="20200203 15:46:08.581"></status>
</kw>
<kw name="Log To Console" library="BuiltIn">
<doc>Logs the given message to the console.</doc>
<arguments>
<arg>${codigo}</arg>
</arguments>
<status status="PASS" starttime="20200203 15:46:08.581" endtime="20200203 15:46:08.581"></status>
</kw>
<status status="PASS" starttime="20200203 15:46:08.580" endtime="20200203 15:46:08.581"></status>
</kw>
<kw name="${item} = {'codigo': '20047523401', 'cuil': '20047523401', 'descripcion': 'RODRIGUEZ', 'habilitado': 'Si', 'penalizado': False, 'estaHabilitado': True, 'id': 2024304}" type="foritem">
<kw name="Get From Dictionary" library="Collections">
<doc>Returns a value from the given ``dictionary`` based on the given ``key``.</doc>
<arguments>
<arg>${item}</arg>
<arg>codigo</arg>
</arguments>
<assign>
<var>${codigo}</var>
</assign>
<msg timestamp="20200203 15:46:08.582" level="INFO">${codigo} = 20047523401</msg>
<status status="PASS" starttime="20200203 15:46:08.581" endtime="20200203 15:46:08.582"></status>
</kw>
<kw name="Log To Console" library="BuiltIn">
<doc>Logs the given message to the console.</doc>
<arguments>
<arg>${codigo}</arg>
</arguments>
<status status="PASS" starttime="20200203 15:46:08.582" endtime="20200203 15:46:08.582"></status>
</kw>
<status status="PASS" starttime="20200203 15:46:08.581" endtime="20200203 15:46:08.582"></status>
</kw>
<kw name="${item} = {'codigo': '20047509069', 'cuil': '20047509069', 'descripcion': 'RODRIGUEZ', 'habilitado': 'Si', 'penalizado': False, 'estaHabilitado': True, 'id': 2024305}" type="foritem">
<kw name="Get From Dictionary" library="Collections">
<doc>Returns a value from the given ``dictionary`` based on the given ``key``.</doc>
<arguments>
<arg>${item}</arg>
<arg>codigo</arg>
</arguments>
<assign>
<var>${codigo}</var>
</assign>
<msg timestamp="20200203 15:46:08.582" level="INFO">${codigo} = 20047509069</msg>
<status status="PASS" starttime="20200203 15:46:08.582" endtime="20200203 15:46:08.583"></status>
</kw>
<kw name="Log To Console" library="BuiltIn">
<doc>Logs the given message to the console.</doc>
<arguments>
<arg>${codigo}</arg>
</arguments>
<status status="PASS" starttime="20200203 15:46:08.583" endtime="20200203 15:46:08.583"></status>
</kw>
<status status="PASS" starttime="20200203 15:46:08.582" endtime="20200203 15:46:08.583"></status>
</kw>
<kw name="${item} = {'codigo': '20047507244', 'cuil': '20047507244', 'descripcion': 'RODRIGUEZ', 'habilitado': 'Si', 'penalizado': False, 'estaHabilitado': True, 'id': 2024306}" type="foritem">
<kw name="Get From Dictionary" library="Collections">
<doc>Returns a value from the given ``dictionary`` based on the given ``key``.</doc>
<arguments>
<arg>${item}</arg>
<arg>codigo</arg>
</arguments>
<assign>
<var>${codigo}</var>
</assign>
<msg timestamp="20200203 15:46:08.583" level="INFO">${codigo} = 20047507244</msg>
<status status="PASS" starttime="20200203 15:46:08.583" endtime="20200203 15:46:08.583"></status>
</kw>
<kw name="Log To Console" library="BuiltIn">
<doc>Logs the given message to the console.</doc>
<arguments>
<arg>${codigo}</arg>
</arguments>
<status status="PASS" starttime="20200203 15:46:08.583" endtime="20200203 15:46:08.584"></status>
</kw>
<status status="PASS" starttime="20200203 15:46:08.583" endtime="20200203 15:46:08.584"></status>
</kw>
<kw name="${item} = {'codigo': '20047492972', 'cuil': '20047492972', 'descripcion': 'RODRIGUEZ', 'habilitado': 'Si', 'penalizado': False, 'estaHabilitado': True, 'id': 2024307}" type="foritem">
<kw name="Get From Dictionary" library="Collections">
<doc>Returns a value from the given ``dictionary`` based on the given ``key``.</doc>
<arguments>
<arg>${item}</arg>
<arg>codigo</arg>
</arguments>
<assign>
<var>${codigo}</var>
</assign>
<msg timestamp="20200203 15:46:08.584" level="INFO">${codigo} = 20047492972</msg>
<status status="PASS" starttime="20200203 15:46:08.584" endtime="20200203 15:46:08.584"></status>
</kw>
<kw name="Log To Console" library="BuiltIn">
<doc>Logs the given message to the console.</doc>
<arguments>
<arg>${codigo}</arg>
</arguments>
<status status="PASS" starttime="20200203 15:46:08.585" endtime="20200203 15:46:08.585"></status>
</kw>
<status status="PASS" starttime="20200203 15:46:08.584" endtime="20200203 15:46:08.585"></status>
</kw>
<kw name="${item} = {'codigo': '20047450145', 'cuil': '20047450145', 'descripcion': 'RODRIGUEZ', 'habilitado': 'Si', 'penalizado': False, 'estaHabilitado': True, 'id': 2024308}" type="foritem">
<kw name="Get From Dictionary" library="Collections">
<doc>Returns a value from the given ``dictionary`` based on the given ``key``.</doc>
<arguments>
<arg>${item}</arg>
<arg>codigo</arg>
</arguments>
<assign>
<var>${codigo}</var>
</assign>
<msg timestamp="20200203 15:46:08.585" level="INFO">${codigo} = 20047450145</msg>
<status status="PASS" starttime="20200203 15:46:08.585" endtime="20200203 15:46:08.585"></status>
</kw>
<kw name="Log To Console" library="BuiltIn">
<doc>Logs the given message to the console.</doc>
<arguments>
<arg>${codigo}</arg>
</arguments>
<status status="PASS" starttime="20200203 15:46:08.586" endtime="20200203 15:46:08.586"></status>
</kw>
<status status="PASS" starttime="20200203 15:46:08.585" endtime="20200203 15:46:08.586"></status>
</kw>
<kw name="${item} = {'codigo': '20047421986', 'cuil': '20047421986', 'descripcion': 'RODRIGUEZ', 'habilitado': 'Si', 'penalizado': False, 'estaHabilitado': True, 'id': 2024309}" type="foritem">
<kw name="Get From Dictionary" library="Collections">
<doc>Returns a value from the given ``dictionary`` based on the given ``key``.</doc>
<arguments>
<arg>${item}</arg>
<arg>codigo</arg>
</arguments>
<assign>
<var>${codigo}</var>
</assign>
<msg timestamp="20200203 15:46:08.586" level="INFO">${codigo} = 20047421986</msg>
<status status="PASS" starttime="20200203 15:46:08.586" endtime="20200203 15:46:08.586"></status>
</kw>
<kw name="Log To Console" library="BuiltIn">
<doc>Logs the given message to the console.</doc>
<arguments>
<arg>${codigo}</arg>
</arguments>
<status status="PASS" starttime="20200203 15:46:08.587" endtime="20200203 15:46:08.587"></status>
</kw>
<status status="PASS" starttime="20200203 15:46:08.586" endtime="20200203 15:46:08.587"></status>
</kw>
<kw name="${item} = {'codigo': '20047141363', 'cuil': '20047141363', 'descripcion': 'RODRIGUEZ', 'habilitado': 'Si', 'penalizado': False, 'estaHabilitado': True, 'id': 2024310}" type="foritem">
<kw name="Get From Dictionary" library="Collections">
<doc>Returns a value from the given ``dictionary`` based on the given ``key``.</doc>
<arguments>
<arg>${item}</arg>
<arg>codigo</arg>
</arguments>
<assign>
<var>${codigo}</var>
</assign>
<msg timestamp="20200203 15:46:08.587" level="INFO">${codigo} = 20047141363</msg>
<status status="PASS" starttime="20200203 15:46:08.587" endtime="20200203 15:46:08.588"></status>
</kw>
<kw name="Log To Console" library="BuiltIn">
<doc>Logs the given message to the console.</doc>
<arguments>
<arg>${codigo}</arg>
</arguments>
<status status="PASS" starttime="20200203 15:46:08.588" endtime="20200203 15:46:08.588"></status>
</kw>
<status status="PASS" starttime="20200203 15:46:08.587" endtime="20200203 15:46:08.588"></status>
</kw>
<kw name="${item} = {'codigo': '20047117268', 'cuil': '20047117268', 'descripcion': 'RODRIGUEZ', 'habilitado': 'Si', 'penalizado': False, 'estaHabilitado': True, 'id': 2024311}" type="foritem">
<kw name="Get From Dictionary" library="Collections">
<doc>Returns a value from the given ``dictionary`` based on the given ``key``.</doc>
<arguments>
<arg>${item}</arg>
<arg>codigo</arg>
</arguments>
<assign>
<var>${codigo}</var>
</assign>
<msg timestamp="20200203 15:46:08.589" level="INFO">${codigo} = 20047117268</msg>
<status status="PASS" starttime="20200203 15:46:08.588" endtime="20200203 15:46:08.589"></status>
</kw>
<kw name="Log To Console" library="BuiltIn">
<doc>Logs the given message to the console.</doc>
<arguments>
<arg>${codigo}</arg>
</arguments>
<status status="PASS" starttime="20200203 15:46:08.589" endtime="20200203 15:46:08.589"></status>
</kw>
<status status="PASS" starttime="20200203 15:46:08.588" endtime="20200203 15:46:08.589"></status>
</kw>
<kw name="${item} = {'codigo': '20047084386', 'cuil': '20047084386', 'descripcion': 'RODRIGUEZ', 'habilitado': 'Si', 'penalizado': False, 'estaHabilitado': True, 'id': 2024312}" type="foritem">
<kw name="Get From Dictionary" library="Collections">
<doc>Returns a value from the given ``dictionary`` based on the given ``key``.</doc>
<arguments>
<arg>${item}</arg>
<arg>codigo</arg>
</arguments>
<assign>
<var>${codigo}</var>
</assign>
<msg timestamp="20200203 15:46:08.590" level="INFO">${codigo} = 20047084386</msg>
<status status="PASS" starttime="20200203 15:46:08.589" endtime="20200203 15:46:08.590"></status>
</kw>
<kw name="Log To Console" library="BuiltIn">
<doc>Logs the given message to the console.</doc>
<arguments>
<arg>${codigo}</arg>
</arguments>
<status status="PASS" starttime="20200203 15:46:08.590" endtime="20200203 15:46:08.590"></status>
</kw>
<status status="PASS" starttime="20200203 15:46:08.589" endtime="20200203 15:46:08.590"></status>
</kw>
<kw name="${item} = {'codigo': '20047067112', 'cuil': '20047067112', 'descripcion': 'RODRIGUEZ', 'habilitado': 'Si', 'penalizado': False, 'estaHabilitado': True, 'id': 2024313}" type="foritem">
<kw name="Get From Dictionary" library="Collections">
<doc>Returns a value from the given ``dictionary`` based on the given ``key``.</doc>
<arguments>
<arg>${item}</arg>
<arg>codigo</arg>
</arguments>
<assign>
<var>${codigo}</var>
</assign>
<msg timestamp="20200203 15:46:08.591" level="INFO">${codigo} = 20047067112</msg>
<status status="PASS" starttime="20200203 15:46:08.590" endtime="20200203 15:46:08.591"></status>
</kw>
<kw name="Log To Console" library="BuiltIn">
<doc>Logs the given message to the console.</doc>
<arguments>
<arg>${codigo}</arg>
</arguments>
<status status="PASS" starttime="20200203 15:46:08.591" endtime="20200203 15:46:08.591"></status>
</kw>
<status status="PASS" starttime="20200203 15:46:08.590" endtime="20200203 15:46:08.591"></status>
</kw>
<kw name="${item} = {'codigo': '20047065705', 'cuil': '20047065705', 'descripcion': 'RODRIGUEZ', 'habilitado': 'Si', 'penalizado': False, 'estaHabilitado': True, 'id': 2024314}" type="foritem">
<kw name="Get From Dictionary" library="Collections">
<doc>Returns a value from the given ``dictionary`` based on the given ``key``.</doc>
<arguments>
<arg>${item}</arg>
<arg>codigo</arg>
</arguments>
<assign>
<var>${codigo}</var>
</assign>
<msg timestamp="20200203 15:46:08.592" level="INFO">${codigo} = 20047065705</msg>
<status status="PASS" starttime="20200203 15:46:08.591" endtime="20200203 15:46:08.592"></status>
</kw>
<kw name="Log To Console" library="BuiltIn">
<doc>Logs the given message to the console.</doc>
<arguments>
<arg>${codigo}</arg>
</arguments>
<status status="PASS" starttime="20200203 15:46:08.592" endtime="20200203 15:46:08.592"></status>
</kw>
<status status="PASS" starttime="20200203 15:46:08.591" endtime="20200203 15:46:08.592"></status>
</kw>
<kw name="${item} = {'codigo': '20047065616', 'cuil': '20047065616', 'descripcion': 'RODRIGUEZ', 'habilitado': 'Si', 'penalizado': False, 'estaHabilitado': True, 'id': 2024315}" type="foritem">
<kw name="Get From Dictionary" library="Collections">
<doc>Returns a value from the given ``dictionary`` based on the given ``key``.</doc>
<arguments>
<arg>${item}</arg>
<arg>codigo</arg>
</arguments>
<assign>
<var>${codigo}</var>
</assign>
<msg timestamp="20200203 15:46:08.593" level="INFO">${codigo} = 20047065616</msg>
<status status="PASS" starttime="20200203 15:46:08.592" endtime="20200203 15:46:08.593"></status>
</kw>
<kw name="Log To Console" library="BuiltIn">
<doc>Logs the given message to the console.</doc>
<arguments>
<arg>${codigo}</arg>
</arguments>
<status status="PASS" starttime="20200203 15:46:08.593" endtime="20200203 15:46:08.593"></status>
</kw>
<status status="PASS" starttime="20200203 15:46:08.592" endtime="20200203 15:46:08.593"></status>
</kw>
<kw name="${item} = {'codigo': '20046998856', 'cuil': '20046998856', 'descripcion': 'RODRIGUEZ', 'habilitado': 'Si', 'penalizado': False, 'estaHabilitado': True, 'id': 2024316}" type="foritem">
<kw name="Get From Dictionary" library="Collections">
<doc>Returns a value from the given ``dictionary`` based on the given ``key``.</doc>
<arguments>
<arg>${item}</arg>
<arg>codigo</arg>
</arguments>
<assign>
<var>${codigo}</var>
</assign>
<msg timestamp="20200203 15:46:08.594" level="INFO">${codigo} = 20046998856</msg>
<status status="PASS" starttime="20200203 15:46:08.593" endtime="20200203 15:46:08.594"></status>
</kw>
<kw name="Log To Console" library="BuiltIn">
<doc>Logs the given message to the console.</doc>
<arguments>
<arg>${codigo}</arg>
</arguments>
<status status="PASS" starttime="20200203 15:46:08.594" endtime="20200203 15:46:08.594"></status>
</kw>
<status status="PASS" starttime="20200203 15:46:08.593" endtime="20200203 15:46:08.594"></status>
</kw>
<kw name="${item} = {'codigo': '20046993730', 'cuil': '20046993730', 'descripcion': 'RODRIGUEZ', 'habilitado': 'Si', 'penalizado': False, 'estaHabilitado': True, 'id': 2024317}" type="foritem">
<kw name="Get From Dictionary" library="Collections">
<doc>Returns a value from the given ``dictionary`` based on the given ``key``.</doc>
<arguments>
<arg>${item}</arg>
<arg>codigo</arg>
</arguments>
<assign>
<var>${codigo}</var>
</assign>
<msg timestamp="20200203 15:46:08.595" level="INFO">${codigo} = 20046993730</msg>
<status status="PASS" starttime="20200203 15:46:08.594" endtime="20200203 15:46:08.595"></status>
</kw>
<kw name="Log To Console" library="BuiltIn">
<doc>Logs the given message to the console.</doc>
<arguments>
<arg>${codigo}</arg>
</arguments>
<status status="PASS" starttime="20200203 15:46:08.595" endtime="20200203 15:46:08.596"></status>
</kw>
<status status="PASS" starttime="20200203 15:46:08.594" endtime="20200203 15:46:08.597"></status>
</kw>
<kw name="${item} = {'codigo': '20015791218', 'cuil': '20015791218', 'descripcion': 'RODRIGUEZ', 'habilitado': 'Si', 'penalizado': False, 'estaHabilitado': True, 'id': 2024318}" type="foritem">
<kw name="Get From Dictionary" library="Collections">
<doc>Returns a value from the given ``dictionary`` based on the given ``key``.</doc>
<arguments>
<arg>${item}</arg>
<arg>codigo</arg>
</arguments>
<assign>
<var>${codigo}</var>
</assign>
<msg timestamp="20200203 15:46:08.597" level="INFO">${codigo} = 20015791218</msg>
<status status="PASS" starttime="20200203 15:46:08.597" endtime="20200203 15:46:08.597"></status>
</kw>
<kw name="Log To Console" library="BuiltIn">
<doc>Logs the given message to the console.</doc>
<arguments>
<arg>${codigo}</arg>
</arguments>
<status status="PASS" starttime="20200203 15:46:08.597" endtime="20200203 15:46:08.598"></status>
</kw>
<status status="PASS" starttime="20200203 15:46:08.597" endtime="20200203 15:46:08.598"></status>
</kw>
<kw name="${item} = {'codigo': '20028664797', 'cuil': '20028664797', 'descripcion': 'SCHECHTEL EDGARDO', 'habilitado': 'Si', 'penalizado': False, 'estaHabilitado': True, 'id': 2024319}" type="foritem">
<kw name="Get From Dictionary" library="Collections">
<doc>Returns a value from the given ``dictionary`` based on the given ``key``.</doc>
<arguments>
<arg>${item}</arg>
<arg>codigo</arg>
</arguments>
<assign>
<var>${codigo}</var>
</assign>
<msg timestamp="20200203 15:46:08.599" level="INFO">${codigo} = 20028664797</msg>
<status status="PASS" starttime="20200203 15:46:08.598" endtime="20200203 15:46:08.599"></status>
</kw>
<kw name="Log To Console" library="BuiltIn">
<doc>Logs the given message to the console.</doc>
<arguments>
<arg>${codigo}</arg>
</arguments>
<status status="PASS" starttime="20200203 15:46:08.599" endtime="20200203 15:46:08.599"></status>
</kw>
<status status="PASS" starttime="20200203 15:46:08.598" endtime="20200203 15:46:08.599"></status>
</kw>
<kw name="${item} = {'codigo': '20044933889', 'cuil': '20044933889', 'descripcion': 'ROIG HECTRO', 'habilitado': 'Si', 'penalizado': False, 'estaHabilitado': True, 'id': 2024320}" type="foritem">
<kw name="Get From Dictionary" library="Collections">
[...]
<status status="PASS" starttime="20200203 15:46:08.738" endtime="20200203 15:46:08.739"></status>
</kw>
<kw name="Create Dictionary" library="BuiltIn">
<doc>Creates and returns a dictionary based on the given ``items``.</doc>
<arguments>
<arg>Authorization=${AutToken}</arg>
<arg>Content-Type=application/json</arg>
</arguments>
<assign>
<var>${headers}</var>
</assign>
<msg timestamp="20200203 15:46:08.740" level="INFO">${headers} = {'Authorization': 'Bearer eyJhbGciOiJIUzI1NiIsInR5cCI6IkpXVCJ9.eyJ3b3Jrc2lkIjo4LCJzaXRlaWQiOjIsInNpdGVfYWxpYXMiOjIsInNpdGVfbmFtZSI6IlJvc2FyaW8iLCJzaXRlX3doIjpmYWxzZSwic29jaWQiOjEsInNvY19uYW1lIjoiTERDI...</msg>
<status status="PASS" starttime="20200203 15:46:08.739" endtime="20200203 15:46:08.740"></status>
</kw>
<kw name="Create Dictionary" library="BuiltIn">
<doc>Creates and returns a dictionary based on the given ``items``.</doc>
<arguments>
<arg>Cuil=20269125662</arg>
<arg>RazonSocial=Arzura Juan</arg>
<arg>Habilitado=true</arg>
</arguments>
<assign>
<var>${body}</var>
</assign>
<msg timestamp="20200203 15:46:08.740" level="INFO">${body} = {'Cuil': '20269125662', 'RazonSocial': 'Arzura Juan', 'Habilitado': 'true'}</msg>
<status status="PASS" starttime="20200203 15:46:08.740" endtime="20200203 15:46:08.740"></status>
</kw>
<kw name="Post Request" library="RequestsLibrary">
<doc>Send a POST request on the session object found using the
given `alias`</doc>
<arguments>
<arg>mySession</arg>
<arg>/choferes</arg>
<arg>data=${body}</arg>
<arg>headers=${headers}</arg>
</arguments>
<assign>
<var>${response}</var>
</assign>
<msg timestamp="20200203 15:46:08.741" level="INFO">POST Request using : uri=/choferes, params=None, files=None, allow_redirects=True, timeout=None
headers={'User-Agent': 'python-requests/2.22.0', 'Accept-Encoding': 'gzip, deflate', 'Accept': '*/*', 'Connection': 'keep-alive', 'Authorization': 'Bearer eyJhbGciOiJIUzI1NiIsInR5cCI6IkpXVCJ9.eyJ3b3Jrc2lkIjo4LCJzaXRlaWQiOjIsInNpdGVfYWxpYXMiOjIsInNpdGVfbmFtZSI6IlJvc2FyaW8iLCJzaXRlX3doIjpmYWxzZSwic29jaWQiOjEsInNvY19uYW1lIjoiTERDIEFSR0VOVElOQSBTLkEuIiwidGVybWlkIjoxMzcsInRlcm1fY29kZSI6IjIzOTgxIiwidGVybV9uYW1lIjoiTE9VSVMgRFJFWUZVUyAoVElNQlVFUykiLCJ0ZXJtX2hhcnZlc3QiOnRydWUsInRlcm1fY2FyZCI6dHJ1ZSwibmFtZWlkIjoyNCwidW5pcXVlX25hbWUiOiJmYWJpby5vbGl2aWVyaSIsInNzaWQiOjExOTkzLCJuYmYiOjE1ODA3NTU1NjMsImV4cCI6MTU4MDc5ODc2MywiaWF0IjoxNTgwNzU1NTYzLCJpc3MiOiJ5YXJkLXVhdC1iYiJ9.lLLm-zNecpErLGORd5rC11PBpiwywr_SWNVhUBPN2uU', 'Content-Type': 'application/json'} 
data={"Cuil": "20269125662", "RazonSocial": "Arzura Juan", "Habilitado": "true"} 
json=None</msg>
<msg timestamp="20200203 15:46:08.772" level="INFO">${response} = &lt;Response [422]&gt;</msg>
<status status="PASS" starttime="20200203 15:46:08.741" endtime="20200203 15:46:08.772"></status>
</kw>
<kw name="Log To Console" library="BuiltIn">
<doc>Logs the given message to the console.</doc>
<arguments>
<arg>${response.status_code}</arg>
</arguments>
<status status="PASS" starttime="20200203 15:46:08.772" endtime="20200203 15:46:08.773"></status>
</kw>
<kw name="Log To Console" library="BuiltIn">
<doc>Logs the given message to the console.</doc>
<arguments>
<arg>${response.content}</arg>
</arguments>
<status status="PASS" starttime="20200203 15:46:08.773" endtime="20200203 15:46:08.774"></status>
</kw>
<kw name="Log To Console" library="BuiltIn">
<doc>Logs the given message to the console.</doc>
<arguments>
<arg>${response.headers}</arg>
</arguments>
<status status="PASS" starttime="20200203 15:46:08.775" endtime="20200203 15:46:08.775"></status>
</kw>
<kw name="Convert To String" library="BuiltIn">
<doc>Converts the given item to a Unicode string.</doc>
<arguments>
<arg>${response.status_code}</arg>
</arguments>
<assign>
<var>${statusCode}</var>
</assign>
<msg timestamp="20200203 15:46:08.776" level="INFO">${statusCode} = 422</msg>
<status status="PASS" starttime="20200203 15:46:08.776" endtime="20200203 15:46:08.776"></status>
</kw>
<kw name="Should Be Equal" library="BuiltIn">
<doc>Fails if the given objects are unequal.</doc>
<arguments>
<arg>${statusCode}</arg>
<arg>201</arg>
</arguments>
<msg timestamp="20200203 15:46:08.777" level="FAIL">422 != 201</msg>
<status status="FAIL" starttime="20200203 15:46:08.776" endtime="20200203 15:46:08.777"></status>
</kw>
<status status="FAIL" starttime="20200203 15:46:08.738" endtime="20200203 15:46:08.778" critical="yes">422 != 201</status>
</test>
<test id="s1-t4" name="PostChoferFromFile">
<kw name="Create Session" library="RequestsLibrary">
<doc>Create Session: create a HTTP session to a server</doc>
<arguments>
<arg>mySession</arg>
<arg>${URL}</arg>
</arguments>
<msg timestamp="20200203 15:46:08.779" level="INFO">Creating Session using : alias=mySession, url=http://arrosvmapp313/Ldc.Yard.Web.Api/api, headers={},                     cookies={}, auth=None, timeout=None, proxies=None, verify=False,                     debug=0 </msg>
<status status="PASS" starttime="20200203 15:46:08.779" endtime="20200203 15:46:08.780"></status>
</kw>
<kw name="Create Dictionary" library="BuiltIn">
<doc>Creates and returns a dictionary based on the given ``items``.</doc>
<arguments>
<arg>Authorization=${AutToken}</arg>
<arg>Content-Type=application/json</arg>
</arguments>
<assign>
<var>${headers}</var>
</assign>
<msg timestamp="20200203 15:46:08.781" level="INFO">${headers} = {'Authorization': 'Bearer eyJhbGciOiJIUzI1NiIsInR5cCI6IkpXVCJ9.eyJ3b3Jrc2lkIjo4LCJzaXRlaWQiOjIsInNpdGVfYWxpYXMiOjIsInNpdGVfbmFtZSI6IlJvc2FyaW8iLCJzaXRlX3doIjpmYWxzZSwic29jaWQiOjEsInNvY19uYW1lIjoiTERDI...</msg>
<status status="PASS" starttime="20200203 15:46:08.780" endtime="20200203 15:46:08.781"></status>
</kw>
<kw name="Load JSON From File" library="JSONLibrary">
<doc>Load JSON from file.</doc>
<arguments>
<arg>${FilePathPruebaPost}</arg>
</arguments>
<assign>
<var>${body}</var>
</assign>
<msg timestamp="20200203 15:46:08.784" level="INFO">${body} = {'Cuil': '20269125662', 'RazonSocial': 'Arzura Juan', 'Habilitado': 'true'}</msg>
<status status="PASS" starttime="20200203 15:46:08.783" endtime="20200203 15:46:08.784"></status>
</kw>
<kw name="Post Request" library="RequestsLibrary">
<doc>Send a POST request on the session object found using the
given `alias`</doc>
<arguments>
<arg>mySession</arg>
<arg>/choferes</arg>
<arg>data=${body}</arg>
<arg>headers=${headers}</arg>
</arguments>
<assign>
<var>${response}</var>
</assign>
<msg timestamp="20200203 15:46:08.785" level="INFO">POST Request using : uri=/choferes, params=None, files=None, allow_redirects=True, timeout=None
headers={'User-Agent': 'python-requests/2.22.0', 'Accept-Encoding': 'gzip, deflate', 'Accept': '*/*', 'Connection': 'keep-alive', 'Authorization': 'Bearer eyJhbGciOiJIUzI1NiIsInR5cCI6IkpXVCJ9.eyJ3b3Jrc2lkIjo4LCJzaXRlaWQiOjIsInNpdGVfYWxpYXMiOjIsInNpdGVfbmFtZSI6IlJvc2FyaW8iLCJzaXRlX3doIjpmYWxzZSwic29jaWQiOjEsInNvY19uYW1lIjoiTERDIEFSR0VOVElOQSBTLkEuIiwidGVybWlkIjoxMzcsInRlcm1fY29kZSI6IjIzOTgxIiwidGVybV9uYW1lIjoiTE9VSVMgRFJFWUZVUyAoVElNQlVFUykiLCJ0ZXJtX2hhcnZlc3QiOnRydWUsInRlcm1fY2FyZCI6dHJ1ZSwibmFtZWlkIjoyNCwidW5pcXVlX25hbWUiOiJmYWJpby5vbGl2aWVyaSIsInNzaWQiOjExOTkzLCJuYmYiOjE1ODA3NTU1NjMsImV4cCI6MTU4MDc5ODc2MywiaWF0IjoxNTgwNzU1NTYzLCJpc3MiOiJ5YXJkLXVhdC1iYiJ9.lLLm-zNecpErLGORd5rC11PBpiwywr_SWNVhUBPN2uU', 'Content-Type': 'application/json'} 
data={"Cuil": "20269125662", "RazonSocial": "Arzura Juan", "Habilitado": "true"} 
json=None</msg>
<msg timestamp="20200203 15:46:08.821" level="INFO">${response} = &lt;Response [422]&gt;</msg>
<status status="PASS" starttime="20200203 15:46:08.785" endtime="20200203 15:46:08.821"></status>
</kw>
<kw name="Log To Console" library="BuiltIn">
<doc>Logs the given message to the console.</doc>
<arguments>
<arg>${response.status_code}</arg>
</arguments>
<status status="PASS" starttime="20200203 15:46:08.822" endtime="20200203 15:46:08.822"></status>
</kw>
<kw name="Log To Console" library="BuiltIn">
<doc>Logs the given message to the console.</doc>
<arguments>
<arg>${response.content}</arg>
</arguments>
<status status="PASS" starttime="20200203 15:46:08.823" endtime="20200203 15:46:08.823"></status>
</kw>
<kw name="Log To Console" library="BuiltIn">
<doc>Logs the given message to the console.</doc>
<arguments>
<arg>${response.headers}</arg>
</arguments>
<status status="PASS" starttime="20200203 15:46:08.823" endtime="20200203 15:46:08.824"></status>
</kw>
<kw name="Convert To String" library="BuiltIn">
<doc>Converts the given item to a Unicode string.</doc>
<arguments>
<arg>${response.status_code}</arg>
</arguments>
<assign>
<var>${statusCode}</var>
</assign>
<msg timestamp="20200203 15:46:08.824" level="INFO">${statusCode} = 422</msg>
<status status="PASS" starttime="20200203 15:46:08.824" endtime="20200203 15:46:08.824"></status>
</kw>
<kw name="Should Be Equal" library="BuiltIn">
<doc>Fails if the given objects are unequal.</doc>
<arguments>
<arg>${statusCode}</arg>
<arg>201</arg>
</arguments>
<msg timestamp="20200203 15:46:08.825" level="FAIL">422 != 201</msg>
<status status="FAIL" starttime="20200203 15:46:08.825" endtime="20200203 15:46:08.825"></status>
</kw>
<status status="FAIL" starttime="20200203 15:46:08.779" endtime="20200203 15:46:08.825" critical="yes">422 != 201</status>
</test>
<test id="s1-t5" name="CargaJson">
<kw name="Load JSON From File" library="JSONLibrary">
<doc>Load JSON from file.</doc>
<arguments>
<arg>${FilePathPrueba}</arg>
</arguments>
<assign>
<var>${Archivo}</var>
</assign>
<msg timestamp="20200203 15:46:08.827" level="ERROR">JSON file: ../../../ExternalFiles/Prueba.json not found</msg>
<msg timestamp="20200203 15:46:08.850" level="FAIL">OSError</msg>
<status status="FAIL" starttime="20200203 15:46:08.827" endtime="20200203 15:46:08.850"></status>
</kw>
<status status="FAIL" starttime="20200203 15:46:08.826" endtime="20200203 15:46:08.851" critical="yes">OSError</status>
</test>
<test id="s1-t6" name="RespRecibidaVsEsperada">
<kw name="Create Session" library="RequestsLibrary">
<doc>Create Session: create a HTTP session to a server</doc>
<arguments>
<arg>mySession</arg>
<arg>${URL}</arg>
</arguments>
<msg timestamp="20200203 15:46:08.853" level="INFO">Creating Session using : alias=mySession, url=http://arrosvmapp313/Ldc.Yard.Web.Api/api, headers={},                     cookies={}, auth=None, timeout=None, proxies=None, verify=False,                     debug=0 </msg>
<status status="PASS" starttime="20200203 15:46:08.853" endtime="20200203 15:46:08.853"></status>
</kw>
<kw name="Create Dictionary" library="BuiltIn">
<doc>Creates and returns a dictionary based on the given ``items``.</doc>
<arguments>
<arg>Authorization=${AutToken}</arg>
</arguments>
<assign>
<var>${headers}</var>
</assign>
<msg timestamp="20200203 15:46:08.854" level="INFO">${headers} = {'Authorization': 'Bearer eyJhbGciOiJIUzI1NiIsInR5cCI6IkpXVCJ9.eyJ3b3Jrc2lkIjo4LCJzaXRlaWQiOjIsInNpdGVfYWxpYXMiOjIsInNpdGVfbmFtZSI6IlJvc2FyaW8iLCJzaXRlX3doIjpmYWxzZSwic29jaWQiOjEsInNvY19uYW1lIjoiTERDI...</msg>
<status status="PASS" starttime="20200203 15:46:08.854" endtime="20200203 15:46:08.854"></status>
</kw>
<kw name="Get Request" library="RequestsLibrary">
<doc>Send a GET request on the session object found using the
given `alias`</doc>
<arguments>
<arg>mySession</arg>
<arg>/choferes/2024306</arg>
<arg>headers=${headers}</arg>
</arguments>
<assign>
<var>${response}</var>
</assign>
<msg timestamp="20200203 15:46:08.855" level="INFO">GET Request using : uri=/choferes/2024306, params=None, allow_redirects=True, timeout=None
headers={'User-Agent': 'python-requests/2.22.0', 'Accept-Encoding': 'gzip, deflate', 'Accept': '*/*', 'Connection': 'keep-alive', 'Authorization': 'Bearer eyJhbGciOiJIUzI1NiIsInR5cCI6IkpXVCJ9.eyJ3b3Jrc2lkIjo4LCJzaXRlaWQiOjIsInNpdGVfYWxpYXMiOjIsInNpdGVfbmFtZSI6IlJvc2FyaW8iLCJzaXRlX3doIjpmYWxzZSwic29jaWQiOjEsInNvY19uYW1lIjoiTERDIEFSR0VOVElOQSBTLkEuIiwidGVybWlkIjoxMzcsInRlcm1fY29kZSI6IjIzOTgxIiwidGVybV9uYW1lIjoiTE9VSVMgRFJFWUZVUyAoVElNQlVFUykiLCJ0ZXJtX2hhcnZlc3QiOnRydWUsInRlcm1fY2FyZCI6dHJ1ZSwibmFtZWlkIjoyNCwidW5pcXVlX25hbWUiOiJmYWJpby5vbGl2aWVyaSIsInNzaWQiOjExOTkzLCJuYmYiOjE1ODA3NTU1NjMsImV4cCI6MTU4MDc5ODc2MywiaWF0IjoxNTgwNzU1NTYzLCJpc3MiOiJ5YXJkLXVhdC1iYiJ9.lLLm-zNecpErLGORd5rC11PBpiwywr_SWNVhUBPN2uU'} 
data=None 
json=None</msg>
<msg timestamp="20200203 15:46:08.885" level="INFO">${response} = &lt;Response [200]&gt;</msg>
<status status="PASS" starttime="20200203 15:46:08.854" endtime="20200203 15:46:08.885"></status>
</kw>
<kw name="To Json" library="RequestsLibrary">
<doc>Convert a string to a JSON object</doc>
<arguments>
<arg>${response.content}</arg>
</arguments>
<assign>
<var>${RespRecibida}</var>
</assign>
<msg timestamp="20200203 15:46:08.886" level="INFO">To JSON using : content={"descripcion":"RODRIGUEZ","codigo":"20047507244","habilitado":true,"penalizado":false,"estaHabilitado":false,"id":2024306} </msg>
<msg timestamp="20200203 15:46:08.886" level="INFO">To JSON using : pretty_print=False </msg>
<msg timestamp="20200203 15:46:08.886" level="INFO">${RespRecibida} = {'descripcion': 'RODRIGUEZ', 'codigo': '20047507244', 'habilitado': True, 'penalizado': False, 'estaHabilitado': False, 'id': 2024306}</msg>
<status status="PASS" starttime="20200203 15:46:08.885" endtime="20200203 15:46:08.886"></status>
</kw>
<kw name="Log To Console" library="BuiltIn">
<doc>Logs the given message to the console.</doc>
<arguments>
<arg>${RespRecibida}</arg>
</arguments>
<status status="PASS" starttime="20200203 15:46:08.887" endtime="20200203 15:46:08.887"></status>
</kw>
<kw name="Load JSON From File" library="JSONLibrary">
<doc>Load JSON from file.</doc>
<arguments>
<arg>${FilePathPruebaComp}</arg>
</arguments>
<assign>
<var>${RespEsperada}</var>
</assign>
<msg timestamp="20200203 15:46:08.888" level="INFO">${RespEsperada} = {'descripcion': 'RODRIGUEZ', 'codigo': '20047507244', 'habilitado': True, 'penalizado': False, 'estaHabilitado': False, 'id': 2024306}</msg>
<status status="PASS" starttime="20200203 15:46:08.888" endtime="20200203 15:46:08.888"></status>
</kw>
<kw name="Log To Console" library="BuiltIn">
<doc>Logs the given message to the console.</doc>
<arguments>
<arg>${RespEsperada}</arg>
</arguments>
<status status="PASS" starttime="20200203 15:46:08.889" endtime="20200203 15:46:08.889"></status>
</kw>
<kw name="Dictionaries Should Be Equal" library="Collections">
<doc>Fails if the given dictionaries are not equal.</doc>
<arguments>
<arg>${RespRecibida}</arg>
<arg>${RespEsperada}</arg>
<arg>value=true</arg>
</arguments>
<status status="PASS" starttime="20200203 15:46:08.889" endtime="20200203 15:46:08.890"></status>
</kw>
<status status="PASS" starttime="20200203 15:46:08.852" endtime="20200203 15:46:08.890" critical="yes"></status>
</test>
<test id="s1-t7" name="CompRespMultiple">
<kw name="Create Session" library="RequestsLibrary">
<doc>Create Session: create a HTTP session to a server</doc>
<arguments>
<arg>mySession</arg>
<arg>${URL}</arg>
</arguments>
<msg timestamp="20200203 15:46:08.892" level="INFO">Creating Session using : alias=mySession, url=http://arrosvmapp313/Ldc.Yard.Web.Api/api, headers={},                     cookies={}, auth=None, timeout=None, proxies=None, verify=False,                     debug=0 </msg>
<status status="PASS" starttime="20200203 15:46:08.892" endtime="20200203 15:46:08.892"></status>
</kw>
<kw name="Create Dictionary" library="BuiltIn">
<doc>Creates and returns a dictionary based on the given ``items``.</doc>
<arguments>
<arg>Content-Type=application/json; charset=utf-8</arg>
<arg>Authorization=${AutToken}</arg>
</arguments>
<assign>
<var>${headers}</var>
</assign>
<msg timestamp="20200203 15:46:08.893" level="INFO">${headers} = {'Content-Type': 'application/json; charset=utf-8', 'Authorization': 'Bearer eyJhbGciOiJIUzI1NiIsInR5cCI6IkpXVCJ9.eyJ3b3Jrc2lkIjo4LCJzaXRlaWQiOjIsInNpdGVfYWxpYXMiOjIsInNpdGVfbmFtZSI6IlJvc2FyaW8iLCJzaX...</msg>
<status status="PASS" starttime="20200203 15:46:08.893" endtime="20200203 15:46:08.893"></status>
</kw>
<kw name="Get Request" library="RequestsLibrary">
<doc>Send a GET request on the session object found using the
given `alias`</doc>
<arguments>
<arg>mySession</arg>
<arg>/choferes/Filtros?$&amp;habilitado=true&amp;descripcion=RODRIGUEZ</arg>
<arg>headers=${headers}</arg>
</arguments>
<assign>
<var>${response}</var>
</assign>
<msg timestamp="20200203 15:46:08.894" level="INFO">GET Request using : uri=/choferes/Filtros?$&amp;habilitado=true&amp;descripcion=RODRIGUEZ, params=None, allow_redirects=True, timeout=None
headers={'User-Agent': 'python-requests/2.22.0', 'Accept-Encoding': 'gzip, deflate', 'Accept': '*/*', 'Connection': 'keep-alive', 'Content-Type': 'application/json; charset=utf-8', 'Authorization': 'Bearer eyJhbGciOiJIUzI1NiIsInR5cCI6IkpXVCJ9.eyJ3b3Jrc2lkIjo4LCJzaXRlaWQiOjIsInNpdGVfYWxpYXMiOjIsInNpdGVfbmFtZSI6IlJvc2FyaW8iLCJzaXRlX3doIjpmYWxzZSwic29jaWQiOjEsInNvY19uYW1lIjoiTERDIEFSR0VOVElOQSBTLkEuIiwidGVybWlkIjoxMzcsInRlcm1fY29kZSI6IjIzOTgxIiwidGVybV9uYW1lIjoiTE9VSVMgRFJFWUZVUyAoVElNQlVFUykiLCJ0ZXJtX2hhcnZlc3QiOnRydWUsInRlcm1fY2FyZCI6dHJ1ZSwibmFtZWlkIjoyNCwidW5pcXVlX25hbWUiOiJmYWJpby5vbGl2aWVyaSIsInNzaWQiOjExOTkzLCJuYmYiOjE1ODA3NTU1NjMsImV4cCI6MTU4MDc5ODc2MywiaWF0IjoxNTgwNzU1NTYzLCJpc3MiOiJ5YXJkLXVhdC1iYiJ9.lLLm-zNecpErLGORd5rC11PBpiwywr_SWNVhUBPN2uU'} 
data=None 
json=None</msg>
<msg timestamp="20200203 15:46:08.927" level="INFO">${response} = &lt;Response [200]&gt;</msg>
<status status="PASS" starttime="20200203 15:46:08.894" endtime="20200203 15:46:08.927"></status>
</kw>
<kw name="Set Variable" library="BuiltIn">
<doc>Returns the given values which can then be assigned to a variables.</doc>
<arguments>
<arg>${response.json()}</arg>
</arguments>
<assign>
<var>${RespRecibida}</var>
</assign>
<msg timestamp="20200203 15:46:08.928" level="INFO">${RespRecibida} = [{'codigo': '20315333505', 'cuil': '20315333505', 'descripcion': 'RODRIGUEZ', 'habilitado': 'Si', 'penalizado': False, 'estaHabilitado': True, 'id': 24295}, {'codigo': '20377153228', 'cuil': '20377153...</msg>
<status status="PASS" starttime="20200203 15:46:08.928" endtime="20200203 15:46:08.928"></status>
</kw>
<kw name="Load JSON From File" library="JSONLibrary">
<doc>Load JSON from file.</doc>
<arguments>
<arg>${FilePathPruebaRodHab}</arg>
</arguments>
<assign>
<var>${RespEsperada}</var>
</assign>
<msg timestamp="20200203 15:46:08.930" level="INFO">${RespEsperada} = [{'codigo': '20315333505', 'cuil': '20315333505', 'descripcion': 'RODRIGUEZ', 'habilitado': 'Si', 'penalizado': False, 'estaHabilitado': True, 'id': 24295}, {'codigo': '20377153228', 'cuil': '20377153...</msg>
<status status="PASS" starttime="20200203 15:46:08.929" endtime="20200203 15:46:08.930"></status>
</kw>
<kw name="Lists Should Be Equal" library="Collections">
<doc>Fails if given lists are unequal.</doc>
<arguments>
<arg>${RespRecibida}</arg>
<arg>${RespEsperada}</arg>
<arg>value=true</arg>
</arguments>
<status status="PASS" starttime="20200203 15:46:08.930" endtime="20200203 15:46:08.931"></status>
</kw>
<status status="PASS" starttime="20200203 15:46:08.891" endtime="20200203 15:46:08.931" critical="yes"></status>
</test>
<kw name="Close All Browsers" library="SeleniumLibrary" type="teardown">
<doc>Closes all open browsers and resets the browser cache.</doc>
<status status="PASS" starttime="20200203 15:46:08.933" endtime="20200203 15:46:11.041"></status>
</kw>
<status status="FAIL" starttime="20200203 15:45:58.176" endtime="20200203 15:46:11.041"></status>
</suite>
<statistics>
<total>
<stat pass="4" fail="3">Critical Tests</stat>
<stat pass="4" fail="3">All Tests</stat>
</total>
<tag>
</tag>
<suite>
<stat pass="4" fail="3" id="s1" name="ChoferesTest">ChoferesTest</stat>
</suite>
</statistics>
<errors>
<msg timestamp="20200203 15:46:08.827" level="ERROR">JSON file: ../../../ExternalFiles/Prueba.json not found</msg>
</errors>
</robot>
