<?xml version="1.0" encoding="UTF-8"?>
<robot generator="Robot 3.1.2 (Python 3.7.6 on win32)" generated="20200130 16:37:47.525" rpa="false">
<suite id="s1" name="ChoferesToTestDatabases" source="C:\Users\fabio.olivieri\RobotTesting\Tests\UITests\Administracion\ChoferesToTestDatabases.robot">
<test id="s1-t1" name="DBTest">
<kw name="Connect To Database" library="DatabaseLibrary">
<doc>Loads the DB API 2.0 module given `dbapiModuleName` then uses it to
connect to the database using `dbName`, `dbUsername`, and `dbPassword`.</doc>
<arguments>
<arg>pymssql</arg>
<arg>${gDBNameUat}</arg>
<arg>${gDBUserUat}</arg>
<arg>${gDBPassUat}</arg>
<arg>${gDBHostUat}</arg>
<arg>${gDBPortUat}</arg>
</arguments>
<msg timestamp="20200130 16:37:47.582" level="INFO">Connecting using : pymssql.connect(database=Yard_BB_uat, user=NEORIS\fabio.olivieri, password=Colorado8888, host=ARROSVMSQL043, port=1433) </msg>
<status status="PASS" starttime="20200130 16:37:47.574" endtime="20200130 16:37:47.723"></status>
</kw>
<kw name="Query" library="DatabaseLibrary">
<doc>Uses the input `selectStatement` to query for the values that will be returned as a list of tuples. Set optional
input `sansTran` to True to run command without an explicit transaction commit or rollback.
Set optional input `returnAsDict` to True to return values as a list of dictionaries.</doc>
<arguments>
<arg>SELECT * FROM T_DRIVER</arg>
</arguments>
<assign>
<var>@{QueryResult}</var>
</assign>
<msg timestamp="20200130 16:37:47.724" level="INFO">Executing : Query  |  SELECT * FROM T_DRIVER </msg>
<msg timestamp="20200130 16:37:47.743" level="INFO">@{QueryResult} = [ (1, 'JOSE GARCIA', '20252208578', True, 'NEORIS\\svc.vmbld11_LDC', '2019-01-10 16:49:28.9523349', None, 'ARROSVMSQL041\\repl_merge', '2019-10-08 14:31:02.3090861', None, UUID('9d670000-e217-4f2b-b7a...</msg>
<status status="PASS" starttime="20200130 16:37:47.724" endtime="20200130 16:37:47.743"></status>
</kw>
<kw name="${fil} IN [ @{QueryResult} ]" type="for">
<kw name="${fil} = (1, 'JOSE GARCIA', '20252208578', True, 'NEORIS\\svc.vmbld11_LDC', '2019-01-10 16:49:28.9523349', None, 'ARROSVMSQL041\\repl_merge', '2019-10-08 14:31:02.3090861', None, UUID('9d670000-e217-4f2b-b7a0-..." type="foritem">
<kw name="Convert To List" library="Collections">
<doc>Converts the given ``item`` to a Python ``list`` type.</doc>
<arguments>
<arg>${fil}</arg>
</arguments>
<assign>
<var>${QueryRow}</var>
</assign>
<msg timestamp="20200130 16:37:47.744" level="INFO">${QueryRow} = [1, 'JOSE GARCIA', '20252208578', True, 'NEORIS\\svc.vmbld11_LDC', '2019-01-10 16:49:28.9523349', None, 'ARROSVMSQL041\\repl_merge', '2019-10-08 14:31:02.3090861', None, UUID('9d670000-e217-4f2b-b7a0-...</msg>
<status status="PASS" starttime="20200130 16:37:47.744" endtime="20200130 16:37:47.744"></status>
</kw>
<kw name="Get From List" library="Collections">
<doc>Returns the value specified with an ``index`` from ``list``.</doc>
<arguments>
<arg>${QueryRow}</arg>
<arg>0</arg>
</arguments>
<assign>
<var>${CellRow}</var>
</assign>
<msg timestamp="20200130 16:37:47.745" level="INFO">${CellRow} = 1</msg>
<status status="PASS" starttime="20200130 16:37:47.745" endtime="20200130 16:37:47.745"></status>
</kw>
<kw name="Exit For Loop If" library="BuiltIn">
<doc>Stops executing the enclosing for loop if the ``condition`` is true.</doc>
<arguments>
<arg>${CellRow}==3370</arg>
</arguments>
<status status="PASS" starttime="20200130 16:37:47.745" endtime="20200130 16:37:47.746"></status>
</kw>
<status status="PASS" starttime="20200130 16:37:47.744" endtime="20200130 16:37:47.746"></status>
</kw>
<kw name="${fil} = (2, 'MARIO TAVERNA', '20263008570', True, 'NEORIS\\svc.vmbld11_LDC', '2019-01-10 16:49:28.9523349', None, 'ARROSVMSQL041\\repl_merge', '2019-05-31 05:23:14.6087239', None, UUID('c0f1d4ea-e95d-4e68-870..." type="foritem">
<kw name="Convert To List" library="Collections">
<doc>Converts the given ``item`` to a Python ``list`` type.</doc>
<arguments>
<arg>${fil}</arg>
</arguments>
<assign>
<var>${QueryRow}</var>
</assign>
<msg timestamp="20200130 16:37:47.747" level="INFO">${QueryRow} = [2, 'MARIO TAVERNA', '20263008570', True, 'NEORIS\\svc.vmbld11_LDC', '2019-01-10 16:49:28.9523349', None, 'ARROSVMSQL041\\repl_merge', '2019-05-31 05:23:14.6087239', None, UUID('c0f1d4ea-e95d-4e68-870...</msg>
<status status="PASS" starttime="20200130 16:37:47.746" endtime="20200130 16:37:47.747"></status>
</kw>
<kw name="Get From List" library="Collections">
<doc>Returns the value specified with an ``index`` from ``list``.</doc>
<arguments>
<arg>${QueryRow}</arg>
<arg>0</arg>
</arguments>
<assign>
<var>${CellRow}</var>
</assign>
<msg timestamp="20200130 16:37:47.747" level="INFO">${CellRow} = 2</msg>
<status status="PASS" starttime="20200130 16:37:47.747" endtime="20200130 16:37:47.747"></status>
</kw>
<kw name="Exit For Loop If" library="BuiltIn">
<doc>Stops executing the enclosing for loop if the ``condition`` is true.</doc>
<arguments>
<arg>${CellRow}==3370</arg>
</arguments>
<status status="PASS" starttime="20200130 16:37:47.748" endtime="20200130 16:37:47.748"></status>
</kw>
<status status="PASS" starttime="20200130 16:37:47.746" endtime="20200130 16:37:47.748"></status>
</kw>
<kw name="${fil} = (3, 'ARIEL CAPENAGUI', '20273948571', True, 'NEORIS\\svc.vmbld11_LDC', '2019-01-10 16:49:28.9523349', None, 'ARROSVMSQL041\\repl_merge', '2019-05-31 05:23:14.6087239', None, UUID('e3755584-ed3e-4cd1-9..." type="foritem">
<kw name="Convert To List" library="Collections">
<doc>Converts the given ``item`` to a Python ``list`` type.</doc>
<arguments>
<arg>${fil}</arg>
</arguments>
<assign>
<var>${QueryRow}</var>
</assign>
<msg timestamp="20200130 16:37:47.749" level="INFO">${QueryRow} = [3, 'ARIEL CAPENAGUI', '20273948571', True, 'NEORIS\\svc.vmbld11_LDC', '2019-01-10 16:49:28.9523349', None, 'ARROSVMSQL041\\repl_merge', '2019-05-31 05:23:14.6087239', None, UUID('e3755584-ed3e-4cd1-9...</msg>
<status status="PASS" starttime="20200130 16:37:47.749" endtime="20200130 16:37:47.749"></status>
</kw>
<kw name="Get From List" library="Collections">
<doc>Returns the value specified with an ``index`` from ``list``.</doc>
<arguments>
<arg>${QueryRow}</arg>
<arg>0</arg>
</arguments>
<assign>
<var>${CellRow}</var>
</assign>
<msg timestamp="20200130 16:37:47.750" level="INFO">${CellRow} = 3</msg>
<status status="PASS" starttime="20200130 16:37:47.749" endtime="20200130 16:37:47.750"></status>
</kw>
<kw name="Exit For Loop If" library="BuiltIn">
<doc>Stops executing the enclosing for loop if the ``condition`` is true.</doc>
<arguments>
<arg>${CellRow}==3370</arg>
</arguments>
<status status="PASS" starttime="20200130 16:37:47.750" endtime="20200130 16:37:47.751"></status>
</kw>
<status status="PASS" starttime="20200130 16:37:47.749" endtime="20200130 16:37:47.751"></status>
</kw>
<kw name="${fil} = (3370, 'JOSE BUSCIGLUO', '20062572036', False, 'NEORIS\\svc.vmbld11_LDC', '2019-01-10 16:49:28.9523349', None, 'ARROSVMSQL041\\repl_merge', '2019-05-31 05:23:14.6087239', None, UUID('f3f7fb4a-3015-41a..." type="foritem">
<kw name="Convert To List" library="Collections">
<doc>Converts the given ``item`` to a Python ``list`` type.</doc>
<arguments>
<arg>${fil}</arg>
</arguments>
<assign>
<var>${QueryRow}</var>
</assign>
<msg timestamp="20200130 16:37:47.751" level="INFO">${QueryRow} = [3370, 'JOSE BUSCIGLUO', '20062572036', False, 'NEORIS\\svc.vmbld11_LDC', '2019-01-10 16:49:28.9523349', None, 'ARROSVMSQL041\\repl_merge', '2019-05-31 05:23:14.6087239', None, UUID('f3f7fb4a-3015-41a...</msg>
<status status="PASS" starttime="20200130 16:37:47.751" endtime="20200130 16:37:47.751"></status>
</kw>
<kw name="Get From List" library="Collections">
<doc>Returns the value specified with an ``index`` from ``list``.</doc>
<arguments>
<arg>${QueryRow}</arg>
<arg>0</arg>
</arguments>
<assign>
<var>${CellRow}</var>
</assign>
<msg timestamp="20200130 16:37:47.752" level="INFO">${CellRow} = 3370</msg>
<status status="PASS" starttime="20200130 16:37:47.752" endtime="20200130 16:37:47.752"></status>
</kw>
<kw name="Exit For Loop If" library="BuiltIn">
<doc>Stops executing the enclosing for loop if the ``condition`` is true.</doc>
<arguments>
<arg>${CellRow}==3370</arg>
</arguments>
<msg timestamp="20200130 16:37:47.753" level="INFO">Exiting for loop altogether.</msg>
<status status="PASS" starttime="20200130 16:37:47.753" endtime="20200130 16:37:47.753"></status>
</kw>
<status status="PASS" starttime="20200130 16:37:47.751" endtime="20200130 16:37:47.753"></status>
</kw>
<status status="PASS" starttime="20200130 16:37:47.743" endtime="20200130 16:37:47.753"></status>
</kw>
<kw name="Log Many" library="BuiltIn">
<doc>Logs the given messages as separate entries using the INFO level.</doc>
<arguments>
<arg>${QueryRow}</arg>
</arguments>
<msg timestamp="20200130 16:37:47.754" level="INFO">[3370, 'JOSE BUSCIGLUO', '20062572036', False, 'NEORIS\\svc.vmbld11_LDC', '2019-01-10 16:49:28.9523349', None, 'ARROSVMSQL041\\repl_merge', '2019-05-31 05:23:14.6087239', None, UUID('f3f7fb4a-3015-41a8-8498-cc4dcc2889d3')]</msg>
<status status="PASS" starttime="20200130 16:37:47.754" endtime="20200130 16:37:47.754"></status>
</kw>
<kw name="Disconnect From Database" library="DatabaseLibrary">
<doc>Disconnects from the database.</doc>
<msg timestamp="20200130 16:37:47.755" level="INFO">Executing : Disconnect From Database</msg>
<status status="PASS" starttime="20200130 16:37:47.755" endtime="20200130 16:37:47.756"></status>
</kw>
<status status="PASS" starttime="20200130 16:37:47.573" endtime="20200130 16:37:47.757" critical="yes"></status>
</test>
<status status="PASS" starttime="20200130 16:37:47.526" endtime="20200130 16:37:47.758"></status>
</suite>
<statistics>
<total>
<stat pass="1" fail="0">Critical Tests</stat>
<stat pass="1" fail="0">All Tests</stat>
</total>
<tag>
</tag>
<suite>
<stat pass="1" fail="0" id="s1" name="ChoferesToTestDatabases">ChoferesToTestDatabases</stat>
</suite>
</statistics>
<errors>
</errors>
</robot>
