<?xml version="1.0" encoding="UTF-8"?>
<robot generator="Robot 3.1.2 (Python 3.7.6 on win32)" generated="20200203 16:04:18.632" rpa="false">
<suite id="s1" name="ChoferesTest" source="C:\Users\fabio.olivieri\RobotTesting\RobotTests\BusinessLogicTests\Administracion\ChoferesTest.robot">
<kw name="Iniciar Aplicacion" library="Login" type="setup">
<arguments>
<arg>${gWebUrlUat}</arg>
<arg>${gBrowserChrome}</arg>
<arg>${gUser}</arg>
<arg>${gContrasenia}</arg>
<arg>${gIDTerminalTimbues}</arg>
</arguments>
<kw name="Abrir Navegador" library="General">
<arguments>
<arg>${aUrl}</arg>
<arg>${aBrowser}</arg>
</arguments>
<kw name="Open Browser" library="SeleniumLibrary">
<doc>Opens a new browser instance to the optional ``url``.</doc>
<arguments>
<arg>${aURL}</arg>
<arg>${aBrowser}</arg>
</arguments>
<msg timestamp="20200203 16:04:18.950" level="INFO">Opening browser 'headlesschrome' to base url 'http://arrosvmapp313/ldc-yard/login'.</msg>
<status status="PASS" starttime="20200203 16:04:18.949" endtime="20200203 16:04:22.697"></status>
</kw>
<status status="PASS" starttime="20200203 16:04:18.949" endtime="20200203 16:04:22.697"></status>
</kw>
<kw name="Ingresar Usuario" library="Login">
<arguments>
<arg>${aUsuario}</arg>
</arguments>
<kw name="Capturar Elemento" library="General">
<arguments>
<arg>${locTxtUsuario}</arg>
</arguments>
<assign>
<var>${txtUsuario}</var>
</assign>
<kw name="Wait Until Page Contains Element" library="SeleniumLibrary">
<doc>Waits until the element ``locator`` appears on the current page.</doc>
<arguments>
<arg>${aLocator}</arg>
<arg>10 seconds</arg>
</arguments>
<status status="PASS" starttime="20200203 16:04:22.699" endtime="20200203 16:04:22.710"></status>
</kw>
<kw name="Set Variable" library="BuiltIn">
<doc>Returns the given values which can then be assigned to a variables.</doc>
<arguments>
<arg>${aLocator}</arg>
</arguments>
<assign>
<var>${aElement}</var>
</assign>
<msg timestamp="20200203 16:04:22.710" level="INFO">${aElement} = id:usuario</msg>
<status status="PASS" starttime="20200203 16:04:22.710" endtime="20200203 16:04:22.710"></status>
</kw>
<msg timestamp="20200203 16:04:22.710" level="INFO">${txtUsuario} = id:usuario</msg>
<status status="PASS" starttime="20200203 16:04:22.697" endtime="20200203 16:04:22.710"></status>
</kw>
<kw name="Ingresar Texto" library="General">
<arguments>
<arg>${txtUsuario}</arg>
<arg>${aUser}</arg>
</arguments>
<kw name="Input Text" library="SeleniumLibrary">
<doc>Types the given ``text`` into the text field identified by ``locator``.</doc>
<arguments>
<arg>${aElement}</arg>
<arg>${aText}</arg>
</arguments>
<msg timestamp="20200203 16:04:22.711" level="INFO">Typing text 'fabio.olivieri' into text field 'id:usuario'.</msg>
<status status="PASS" starttime="20200203 16:04:22.711" endtime="20200203 16:04:22.792"></status>
</kw>
<status status="PASS" starttime="20200203 16:04:22.710" endtime="20200203 16:04:22.793"></status>
</kw>
<status status="PASS" starttime="20200203 16:04:22.697" endtime="20200203 16:04:22.793"></status>
</kw>
<kw name="Ingresar Contrasenia" library="Login">
<arguments>
<arg>${aContrasenia}</arg>
</arguments>
<kw name="Capturar Elemento" library="General">
<arguments>
<arg>${locTxtContrasenia}</arg>
</arguments>
<assign>
<var>${txtContrasenia}</var>
</assign>
<kw name="Wait Until Page Contains Element" library="SeleniumLibrary">
<doc>Waits until the element ``locator`` appears on the current page.</doc>
<arguments>
<arg>${aLocator}</arg>
<arg>10 seconds</arg>
</arguments>
<status status="PASS" starttime="20200203 16:04:22.793" endtime="20200203 16:04:22.804"></status>
</kw>
<kw name="Set Variable" library="BuiltIn">
<doc>Returns the given values which can then be assigned to a variables.</doc>
<arguments>
<arg>${aLocator}</arg>
</arguments>
<assign>
<var>${aElement}</var>
</assign>
<msg timestamp="20200203 16:04:22.804" level="INFO">${aElement} = id:contrasenia</msg>
<status status="PASS" starttime="20200203 16:04:22.804" endtime="20200203 16:04:22.804"></status>
</kw>
<msg timestamp="20200203 16:04:22.804" level="INFO">${txtContrasenia} = id:contrasenia</msg>
<status status="PASS" starttime="20200203 16:04:22.793" endtime="20200203 16:04:22.804"></status>
</kw>
<kw name="Ingresar Texto" library="General">
<arguments>
<arg>${txtContrasenia}</arg>
<arg>${aPass}</arg>
</arguments>
<kw name="Input Text" library="SeleniumLibrary">
<doc>Types the given ``text`` into the text field identified by ``locator``.</doc>
<arguments>
<arg>${aElement}</arg>
<arg>${aText}</arg>
</arguments>
<msg timestamp="20200203 16:04:22.805" level="INFO">Typing text 'Colorado8888' into text field 'id:contrasenia'.</msg>
<status status="PASS" starttime="20200203 16:04:22.805" endtime="20200203 16:04:22.898"></status>
</kw>
<status status="PASS" starttime="20200203 16:04:22.805" endtime="20200203 16:04:22.898"></status>
</kw>
<status status="PASS" starttime="20200203 16:04:22.793" endtime="20200203 16:04:22.898"></status>
</kw>
<kw name="Presionar Ingresar" library="Login">
<kw name="Capturar Elemento" library="General">
<arguments>
<arg>${locBtnIngresar}</arg>
</arguments>
<assign>
<var>${btnIngresar}</var>
</assign>
<kw name="Wait Until Page Contains Element" library="SeleniumLibrary">
<doc>Waits until the element ``locator`` appears on the current page.</doc>
<arguments>
<arg>${aLocator}</arg>
<arg>10 seconds</arg>
</arguments>
<status status="PASS" starttime="20200203 16:04:22.899" endtime="20200203 16:04:22.910"></status>
</kw>
<kw name="Set Variable" library="BuiltIn">
<doc>Returns the given values which can then be assigned to a variables.</doc>
<arguments>
<arg>${aLocator}</arg>
</arguments>
<assign>
<var>${aElement}</var>
</assign>
<msg timestamp="20200203 16:04:22.910" level="INFO">${aElement} = xpath:/html/body/yrd-root/yrd-login/div[1]/div/form/div[3]/button</msg>
<status status="PASS" starttime="20200203 16:04:22.910" endtime="20200203 16:04:22.910"></status>
</kw>
<msg timestamp="20200203 16:04:22.910" level="INFO">${btnIngresar} = xpath:/html/body/yrd-root/yrd-login/div[1]/div/form/div[3]/button</msg>
<status status="PASS" starttime="20200203 16:04:22.898" endtime="20200203 16:04:22.910"></status>
</kw>
<kw name="Presionar Boton" library="General">
<arguments>
<arg>${btnIngresar}</arg>
</arguments>
<kw name="Set Focus To Element" library="SeleniumLibrary">
<doc>Sets the focus to the element identified by ``locator``.</doc>
<arguments>
<arg>${aElement}</arg>
</arguments>
<status status="PASS" starttime="20200203 16:04:22.911" endtime="20200203 16:04:22.922"></status>
</kw>
<kw name="Click Element" library="SeleniumLibrary">
<doc>Click the element identified by ``locator``.</doc>
<arguments>
<arg>${aElement}</arg>
</arguments>
<msg timestamp="20200203 16:04:22.922" level="INFO">Clicking element 'xpath:/html/body/yrd-root/yrd-login/div[1]/div/form/div[3]/button'.</msg>
<status status="PASS" starttime="20200203 16:04:22.922" endtime="20200203 16:04:22.965"></status>
</kw>
<status status="PASS" starttime="20200203 16:04:22.910" endtime="20200203 16:04:22.965"></status>
</kw>
<status status="PASS" starttime="20200203 16:04:22.898" endtime="20200203 16:04:22.966"></status>
</kw>
<kw name="Seleccionar Terminal" library="Login">
<arguments>
<arg>${aTerminal}</arg>
</arguments>
<kw name="Capturar Elemento" library="General">
<arguments>
<arg>${locDdlTerminal}</arg>
</arguments>
<assign>
<var>${ddlTerminal}</var>
</assign>
<kw name="Wait Until Page Contains Element" library="SeleniumLibrary">
<doc>Waits until the element ``locator`` appears on the current page.</doc>
<arguments>
<arg>${aLocator}</arg>
<arg>10 seconds</arg>
</arguments>
<status status="PASS" starttime="20200203 16:04:22.966" endtime="20200203 16:04:23.190"></status>
</kw>
<kw name="Set Variable" library="BuiltIn">
<doc>Returns the given values which can then be assigned to a variables.</doc>
<arguments>
<arg>${aLocator}</arg>
</arguments>
<assign>
<var>${aElement}</var>
</assign>
<msg timestamp="20200203 16:04:23.190" level="INFO">${aElement} = id:selectTerminal</msg>
<status status="PASS" starttime="20200203 16:04:23.190" endtime="20200203 16:04:23.191"></status>
</kw>
<msg timestamp="20200203 16:04:23.191" level="INFO">${ddlTerminal} = id:selectTerminal</msg>
<status status="PASS" starttime="20200203 16:04:22.966" endtime="20200203 16:04:23.191"></status>
</kw>
<kw name="Elegir Opcion Lista Por Valor" library="General">
<arguments>
<arg>${ddlTerminal}</arg>
<arg>${aValor}</arg>
</arguments>
<kw name="Select From List By Value" library="SeleniumLibrary">
<doc>Selects options from selection list ``locator`` by ``values``.</doc>
<arguments>
<arg>${aElement}</arg>
<arg>${aValue}</arg>
</arguments>
<msg timestamp="20200203 16:04:23.191" level="INFO">Selecting options from selection list 'id:selectTerminal' by value 137.</msg>
<status status="PASS" starttime="20200203 16:04:23.191" endtime="20200203 16:04:23.252"></status>
</kw>
<status status="PASS" starttime="20200203 16:04:23.191" endtime="20200203 16:04:23.252"></status>
</kw>
<status status="PASS" starttime="20200203 16:04:22.966" endtime="20200203 16:04:23.252"></status>
</kw>
<kw name="Presionar Ingresar" library="Login">
<kw name="Capturar Elemento" library="General">
<arguments>
<arg>${locBtnIngresar}</arg>
</arguments>
<assign>
<var>${btnIngresar}</var>
</assign>
<kw name="Wait Until Page Contains Element" library="SeleniumLibrary">
<doc>Waits until the element ``locator`` appears on the current page.</doc>
<arguments>
<arg>${aLocator}</arg>
<arg>10 seconds</arg>
</arguments>
<status status="PASS" starttime="20200203 16:04:23.253" endtime="20200203 16:04:23.260"></status>
</kw>
<kw name="Set Variable" library="BuiltIn">
<doc>Returns the given values which can then be assigned to a variables.</doc>
<arguments>
<arg>${aLocator}</arg>
</arguments>
<assign>
<var>${aElement}</var>
</assign>
<msg timestamp="20200203 16:04:23.261" level="INFO">${aElement} = xpath:/html/body/yrd-root/yrd-login/div[1]/div/form/div[3]/button</msg>
<status status="PASS" starttime="20200203 16:04:23.261" endtime="20200203 16:04:23.261"></status>
</kw>
<msg timestamp="20200203 16:04:23.261" level="INFO">${btnIngresar} = xpath:/html/body/yrd-root/yrd-login/div[1]/div/form/div[3]/button</msg>
<status status="PASS" starttime="20200203 16:04:23.253" endtime="20200203 16:04:23.261"></status>
</kw>
<kw name="Presionar Boton" library="General">
<arguments>
<arg>${btnIngresar}</arg>
</arguments>
<kw name="Set Focus To Element" library="SeleniumLibrary">
<doc>Sets the focus to the element identified by ``locator``.</doc>
<arguments>
<arg>${aElement}</arg>
</arguments>
<status status="PASS" starttime="20200203 16:04:23.261" endtime="20200203 16:04:23.275"></status>
</kw>
<kw name="Click Element" library="SeleniumLibrary">
<doc>Click the element identified by ``locator``.</doc>
<arguments>
<arg>${aElement}</arg>
</arguments>
<msg timestamp="20200203 16:04:23.276" level="INFO">Clicking element 'xpath:/html/body/yrd-root/yrd-login/div[1]/div/form/div[3]/button'.</msg>
<status status="PASS" starttime="20200203 16:04:23.275" endtime="20200203 16:04:23.326"></status>
</kw>
<status status="PASS" starttime="20200203 16:04:23.261" endtime="20200203 16:04:23.327"></status>
</kw>
<status status="PASS" starttime="20200203 16:04:23.252" endtime="20200203 16:04:23.327"></status>
</kw>
<kw name="Sleep" library="BuiltIn">
<doc>Pauses the test executed for the given time.</doc>
<arguments>
<arg>5</arg>
</arguments>
<msg timestamp="20200203 16:04:28.329" level="INFO">Slept 5 seconds</msg>
<status status="PASS" starttime="20200203 16:04:23.327" endtime="20200203 16:04:28.329"></status>
</kw>
<kw name="Guardar Token" library="Login">
<kw name="Execute Javascript" library="SeleniumLibrary">
<doc>Executes the given JavaScript code with possible arguments.</doc>
<arguments>
<arg>return window.localStorage.getItem("YardToken")</arg>
</arguments>
<assign>
<var>${localStorageToken}</var>
</assign>
<msg timestamp="20200203 16:04:28.330" level="INFO">Executing JavaScript:
return window.localStorage.getItem("YardToken")
Without any arguments.</msg>
<msg timestamp="20200203 16:04:28.335" level="INFO">${localStorageToken} = eyJhbGciOiJIUzI1NiIsInR5cCI6IkpXVCJ9.eyJ3b3Jrc2lkIjo4LCJzaXRlaWQiOjIsInNpdGVfYWxpYXMiOjIsInNpdGVfbmFtZSI6IlJvc2FyaW8iLCJzaXRlX3doIjpmYWxzZSwic29jaWQiOjEsInNvY19uYW1lIjoiTERDIEFSR0VOVElOQSBTLkEuIiwidGV...</msg>
<status status="PASS" starttime="20200203 16:04:28.329" endtime="20200203 16:04:28.335"></status>
</kw>
<kw name="Catenate" library="BuiltIn">
<doc>Catenates the given items together and returns the resulted string.</doc>
<arguments>
<arg>Bearer</arg>
<arg>${localStorageToken}</arg>
</arguments>
<assign>
<var>${BearerToken}</var>
</assign>
<msg timestamp="20200203 16:04:28.335" level="INFO">${BearerToken} = Bearer eyJhbGciOiJIUzI1NiIsInR5cCI6IkpXVCJ9.eyJ3b3Jrc2lkIjo4LCJzaXRlaWQiOjIsInNpdGVfYWxpYXMiOjIsInNpdGVfbmFtZSI6IlJvc2FyaW8iLCJzaXRlX3doIjpmYWxzZSwic29jaWQiOjEsInNvY19uYW1lIjoiTERDIEFSR0VOVElOQSBTLkEu...</msg>
<status status="PASS" starttime="20200203 16:04:28.335" endtime="20200203 16:04:28.335"></status>
</kw>
<kw name="Set Global Variable" library="BuiltIn">
<doc>Makes a variable available globally in all tests and suites.</doc>
<arguments>
<arg>${AutToken}</arg>
<arg>${BearerToken}</arg>
</arguments>
<msg timestamp="20200203 16:04:28.336" level="INFO">${AutToken} = Bearer eyJhbGciOiJIUzI1NiIsInR5cCI6IkpXVCJ9.eyJ3b3Jrc2lkIjo4LCJzaXRlaWQiOjIsInNpdGVfYWxpYXMiOjIsInNpdGVfbmFtZSI6IlJvc2FyaW8iLCJzaXRlX3doIjpmYWxzZSwic29jaWQiOjEsInNvY19uYW1lIjoiTERDIEFSR0VOVElOQSBTLkEu...</msg>
<status status="PASS" starttime="20200203 16:04:28.335" endtime="20200203 16:04:28.336"></status>
</kw>
<status status="PASS" starttime="20200203 16:04:28.329" endtime="20200203 16:04:28.336"></status>
</kw>
<status status="PASS" starttime="20200203 16:04:18.949" endtime="20200203 16:04:28.336"></status>
</kw>
<test id="s1-t1" name="CargaJson">
<kw name="Load JSON From File" library="JSONLibrary">
<doc>Load JSON from file.</doc>
<arguments>
<arg>${FilePathPrueba}</arg>
</arguments>
<assign>
<var>${Archivo}</var>
</assign>
<msg timestamp="20200203 16:04:28.338" level="INFO">${Archivo} = {'firstName': 'John', 'lastName': 'doe', 'age': 26, 'address': {'streetAddress': 'naist street', 'city': 'Nara', 'postalCode': '630-0192'}, 'phoneNumbers': [{'type': 'iPhone', 'number': '0123-4567-888...</msg>
<status status="PASS" starttime="20200203 16:04:28.337" endtime="20200203 16:04:28.338"></status>
</kw>
<kw name="Get Value From Json" library="JSONLibrary">
<doc>Get Value From JSON using JSONPath</doc>
<arguments>
<arg>${Archivo}</arg>
<arg>$.lastName</arg>
</arguments>
<assign>
<var>${LasName}</var>
</assign>
<msg timestamp="20200203 16:04:28.366" level="INFO">${LasName} = ['doe']</msg>
<status status="PASS" starttime="20200203 16:04:28.338" endtime="20200203 16:04:28.366"></status>
</kw>
<kw name="Log To Console" library="BuiltIn">
<doc>Logs the given message to the console.</doc>
<arguments>
<arg>${LasName[0]}</arg>
</arguments>
<status status="PASS" starttime="20200203 16:04:28.366" endtime="20200203 16:04:28.367"></status>
</kw>
<status status="PASS" starttime="20200203 16:04:28.337" endtime="20200203 16:04:28.367" critical="yes"></status>
</test>
<kw name="Close All Browsers" library="SeleniumLibrary" type="teardown">
<doc>Closes all open browsers and resets the browser cache.</doc>
<status status="PASS" starttime="20200203 16:04:28.368" endtime="20200203 16:04:30.463"></status>
</kw>
<status status="PASS" starttime="20200203 16:04:18.634" endtime="20200203 16:04:30.463"></status>
</suite>
<statistics>
<total>
<stat pass="1" fail="0">Critical Tests</stat>
<stat pass="1" fail="0">All Tests</stat>
</total>
<tag>
</tag>
<suite>
<stat pass="1" fail="0" id="s1" name="ChoferesTest">ChoferesTest</stat>
</suite>
</statistics>
<errors>
</errors>
</robot>
