<?xml version="1.0" encoding="UTF-8"?>
<robot generator="Robot 3.1.2 (Python 3.7.6 on win32)" generated="20200130 16:46:43.156" rpa="false">
<suite id="s1" name="ChoferesTest" source="C:\Users\fabio.olivieri\RobotTesting\Tests\BusinessLogicTests\Administracion\ChoferesTest.robot">
<kw name="Iniciar Aplicacion" library="Login" type="setup">
<arguments>
<arg>${gWebUrlUat}</arg>
<arg>${gBrowserChrome}</arg>
<arg>${gUser}</arg>
<arg>${gContrasenia}</arg>
<arg>${gIDTerminalTimbues}</arg>
</arguments>
<kw name="Abrir Navegador" library="General">
<arguments>
<arg>${aUrl}</arg>
<arg>${aBrowser}</arg>
</arguments>
<kw name="Open Browser" library="SeleniumLibrary">
<doc>Opens a new browser instance to the optional ``url``.</doc>
<arguments>
<arg>${aURL}</arg>
<arg>${aBrowser}</arg>
</arguments>
<msg timestamp="20200130 16:46:43.478" level="INFO">Opening browser 'headlesschrome' to base url 'http://arrosvmapp313/ldc-yard/login'.</msg>
<status status="PASS" starttime="20200130 16:46:43.478" endtime="20200130 16:46:46.831"></status>
</kw>
<status status="PASS" starttime="20200130 16:46:43.477" endtime="20200130 16:46:46.831"></status>
</kw>
<kw name="Ingresar Usuario" library="Login">
<arguments>
<arg>${aUsuario}</arg>
</arguments>
<kw name="Capturar Elemento" library="General">
<arguments>
<arg>${locTxtUsuario}</arg>
</arguments>
<assign>
<var>${txtUsuario}</var>
</assign>
<kw name="Wait Until Page Contains Element" library="SeleniumLibrary">
<doc>Waits until the element ``locator`` appears on the current page.</doc>
<arguments>
<arg>${aLocator}</arg>
<arg>10 seconds</arg>
</arguments>
<status status="PASS" starttime="20200130 16:46:46.832" endtime="20200130 16:46:46.845"></status>
</kw>
<kw name="Set Variable" library="BuiltIn">
<doc>Returns the given values which can then be assigned to a variables.</doc>
<arguments>
<arg>${aLocator}</arg>
</arguments>
<assign>
<var>${aElement}</var>
</assign>
<msg timestamp="20200130 16:46:46.846" level="INFO">${aElement} = id:usuario</msg>
<status status="PASS" starttime="20200130 16:46:46.846" endtime="20200130 16:46:46.846"></status>
</kw>
<msg timestamp="20200130 16:46:46.846" level="INFO">${txtUsuario} = id:usuario</msg>
<status status="PASS" starttime="20200130 16:46:46.832" endtime="20200130 16:46:46.846"></status>
</kw>
<kw name="Ingresar Texto" library="General">
<arguments>
<arg>${txtUsuario}</arg>
<arg>${aUser}</arg>
</arguments>
<kw name="Input Text" library="SeleniumLibrary">
<doc>Types the given ``text`` into the text field identified by ``locator``.</doc>
<arguments>
<arg>${aElement}</arg>
<arg>${aText}</arg>
</arguments>
<msg timestamp="20200130 16:46:46.847" level="INFO">Typing text 'fabio.olivieri' into text field 'id:usuario'.</msg>
<status status="PASS" starttime="20200130 16:46:46.846" endtime="20200130 16:46:46.925"></status>
</kw>
<status status="PASS" starttime="20200130 16:46:46.846" endtime="20200130 16:46:46.925"></status>
</kw>
<status status="PASS" starttime="20200130 16:46:46.832" endtime="20200130 16:46:46.925"></status>
</kw>
<kw name="Ingresar Contrasenia" library="Login">
<arguments>
<arg>${aContrasenia}</arg>
</arguments>
<kw name="Capturar Elemento" library="General">
<arguments>
<arg>${locTxtContrasenia}</arg>
</arguments>
<assign>
<var>${txtContrasenia}</var>
</assign>
<kw name="Wait Until Page Contains Element" library="SeleniumLibrary">
<doc>Waits until the element ``locator`` appears on the current page.</doc>
<arguments>
<arg>${aLocator}</arg>
<arg>10 seconds</arg>
</arguments>
<status status="PASS" starttime="20200130 16:46:46.925" endtime="20200130 16:46:46.936"></status>
</kw>
<kw name="Set Variable" library="BuiltIn">
<doc>Returns the given values which can then be assigned to a variables.</doc>
<arguments>
<arg>${aLocator}</arg>
</arguments>
<assign>
<var>${aElement}</var>
</assign>
<msg timestamp="20200130 16:46:46.936" level="INFO">${aElement} = id:contrasenia</msg>
<status status="PASS" starttime="20200130 16:46:46.936" endtime="20200130 16:46:46.936"></status>
</kw>
<msg timestamp="20200130 16:46:46.936" level="INFO">${txtContrasenia} = id:contrasenia</msg>
<status status="PASS" starttime="20200130 16:46:46.925" endtime="20200130 16:46:46.936"></status>
</kw>
<kw name="Ingresar Texto" library="General">
<arguments>
<arg>${txtContrasenia}</arg>
<arg>${aPass}</arg>
</arguments>
<kw name="Input Text" library="SeleniumLibrary">
<doc>Types the given ``text`` into the text field identified by ``locator``.</doc>
<arguments>
<arg>${aElement}</arg>
<arg>${aText}</arg>
</arguments>
<msg timestamp="20200130 16:46:46.937" level="INFO">Typing text 'Colorado8888' into text field 'id:contrasenia'.</msg>
<status status="PASS" starttime="20200130 16:46:46.937" endtime="20200130 16:46:47.026"></status>
</kw>
<status status="PASS" starttime="20200130 16:46:46.936" endtime="20200130 16:46:47.026"></status>
</kw>
<status status="PASS" starttime="20200130 16:46:46.925" endtime="20200130 16:46:47.026"></status>
</kw>
<kw name="Presionar Ingresar" library="Login">
<kw name="Capturar Elemento" library="General">
<arguments>
<arg>${locBtnIngresar}</arg>
</arguments>
<assign>
<var>${btnIngresar}</var>
</assign>
<kw name="Wait Until Page Contains Element" library="SeleniumLibrary">
<doc>Waits until the element ``locator`` appears on the current page.</doc>
<arguments>
<arg>${aLocator}</arg>
<arg>10 seconds</arg>
</arguments>
<status status="PASS" starttime="20200130 16:46:47.026" endtime="20200130 16:46:47.043"></status>
</kw>
<kw name="Set Variable" library="BuiltIn">
<doc>Returns the given values which can then be assigned to a variables.</doc>
<arguments>
<arg>${aLocator}</arg>
</arguments>
<assign>
<var>${aElement}</var>
</assign>
<msg timestamp="20200130 16:46:47.043" level="INFO">${aElement} = xpath:/html/body/yrd-root/yrd-login/div[1]/div/form/div[3]/button</msg>
<status status="PASS" starttime="20200130 16:46:47.043" endtime="20200130 16:46:47.043"></status>
</kw>
<msg timestamp="20200130 16:46:47.044" level="INFO">${btnIngresar} = xpath:/html/body/yrd-root/yrd-login/div[1]/div/form/div[3]/button</msg>
<status status="PASS" starttime="20200130 16:46:47.026" endtime="20200130 16:46:47.044"></status>
</kw>
<kw name="Presionar Boton" library="General">
<arguments>
<arg>${btnIngresar}</arg>
</arguments>
<kw name="Set Focus To Element" library="SeleniumLibrary">
<doc>Sets the focus to the element identified by ``locator``.</doc>
<arguments>
<arg>${aElement}</arg>
</arguments>
<status status="PASS" starttime="20200130 16:46:47.044" endtime="20200130 16:46:47.057"></status>
</kw>
<kw name="Click Element" library="SeleniumLibrary">
<doc>Click the element identified by ``locator``.</doc>
<arguments>
<arg>${aElement}</arg>
</arguments>
<msg timestamp="20200130 16:46:47.057" level="INFO">Clicking element 'xpath:/html/body/yrd-root/yrd-login/div[1]/div/form/div[3]/button'.</msg>
<status status="PASS" starttime="20200130 16:46:47.057" endtime="20200130 16:46:47.112"></status>
</kw>
<status status="PASS" starttime="20200130 16:46:47.044" endtime="20200130 16:46:47.112"></status>
</kw>
<status status="PASS" starttime="20200130 16:46:47.026" endtime="20200130 16:46:47.112"></status>
</kw>
<kw name="Seleccionar Terminal" library="Login">
<arguments>
<arg>${aTerminal}</arg>
</arguments>
<kw name="Capturar Elemento" library="General">
<arguments>
<arg>${locDdlTerminal}</arg>
</arguments>
<assign>
<var>${ddlTerminal}</var>
</assign>
<kw name="Wait Until Page Contains Element" library="SeleniumLibrary">
<doc>Waits until the element ``locator`` appears on the current page.</doc>
<arguments>
<arg>${aLocator}</arg>
<arg>10 seconds</arg>
</arguments>
<status status="PASS" starttime="20200130 16:46:47.113" endtime="20200130 16:46:47.337"></status>
</kw>
<kw name="Set Variable" library="BuiltIn">
<doc>Returns the given values which can then be assigned to a variables.</doc>
<arguments>
<arg>${aLocator}</arg>
</arguments>
<assign>
<var>${aElement}</var>
</assign>
<msg timestamp="20200130 16:46:47.337" level="INFO">${aElement} = id:selectTerminal</msg>
<status status="PASS" starttime="20200130 16:46:47.337" endtime="20200130 16:46:47.337"></status>
</kw>
<msg timestamp="20200130 16:46:47.337" level="INFO">${ddlTerminal} = id:selectTerminal</msg>
<status status="PASS" starttime="20200130 16:46:47.113" endtime="20200130 16:46:47.337"></status>
</kw>
<kw name="Elegir Opcion Lista Por Valor" library="General">
<arguments>
<arg>${ddlTerminal}</arg>
<arg>${aValor}</arg>
</arguments>
<kw name="Select From List By Value" library="SeleniumLibrary">
<doc>Selects options from selection list ``locator`` by ``values``.</doc>
<arguments>
<arg>${aElement}</arg>
<arg>${aValue}</arg>
</arguments>
<msg timestamp="20200130 16:46:47.338" level="INFO">Selecting options from selection list 'id:selectTerminal' by value 137.</msg>
<status status="PASS" starttime="20200130 16:46:47.338" endtime="20200130 16:46:47.393"></status>
</kw>
<status status="PASS" starttime="20200130 16:46:47.338" endtime="20200130 16:46:47.394"></status>
</kw>
<status status="PASS" starttime="20200130 16:46:47.112" endtime="20200130 16:46:47.394"></status>
</kw>
<kw name="Presionar Ingresar" library="Login">
<kw name="Capturar Elemento" library="General">
<arguments>
<arg>${locBtnIngresar}</arg>
</arguments>
<assign>
<var>${btnIngresar}</var>
</assign>
<kw name="Wait Until Page Contains Element" library="SeleniumLibrary">
<doc>Waits until the element ``locator`` appears on the current page.</doc>
<arguments>
<arg>${aLocator}</arg>
<arg>10 seconds</arg>
</arguments>
<status status="PASS" starttime="20200130 16:46:47.394" endtime="20200130 16:46:47.401"></status>
</kw>
<kw name="Set Variable" library="BuiltIn">
<doc>Returns the given values which can then be assigned to a variables.</doc>
<arguments>
<arg>${aLocator}</arg>
</arguments>
<assign>
<var>${aElement}</var>
</assign>
<msg timestamp="20200130 16:46:47.402" level="INFO">${aElement} = xpath:/html/body/yrd-root/yrd-login/div[1]/div/form/div[3]/button</msg>
<status status="PASS" starttime="20200130 16:46:47.402" endtime="20200130 16:46:47.402"></status>
</kw>
<msg timestamp="20200130 16:46:47.402" level="INFO">${btnIngresar} = xpath:/html/body/yrd-root/yrd-login/div[1]/div/form/div[3]/button</msg>
<status status="PASS" starttime="20200130 16:46:47.394" endtime="20200130 16:46:47.402"></status>
</kw>
<kw name="Presionar Boton" library="General">
<arguments>
<arg>${btnIngresar}</arg>
</arguments>
<kw name="Set Focus To Element" library="SeleniumLibrary">
<doc>Sets the focus to the element identified by ``locator``.</doc>
<arguments>
<arg>${aElement}</arg>
</arguments>
<status status="PASS" starttime="20200130 16:46:47.402" endtime="20200130 16:46:47.414"></status>
</kw>
<kw name="Click Element" library="SeleniumLibrary">
<doc>Click the element identified by ``locator``.</doc>
<arguments>
<arg>${aElement}</arg>
</arguments>
<msg timestamp="20200130 16:46:47.415" level="INFO">Clicking element 'xpath:/html/body/yrd-root/yrd-login/div[1]/div/form/div[3]/button'.</msg>
<status status="PASS" starttime="20200130 16:46:47.415" endtime="20200130 16:46:47.454"></status>
</kw>
<status status="PASS" starttime="20200130 16:46:47.402" endtime="20200130 16:46:47.454"></status>
</kw>
<status status="PASS" starttime="20200130 16:46:47.394" endtime="20200130 16:46:47.454"></status>
</kw>
<kw name="Sleep" library="BuiltIn">
<doc>Pauses the test executed for the given time.</doc>
<arguments>
<arg>5</arg>
</arguments>
<msg timestamp="20200130 16:46:52.456" level="INFO">Slept 5 seconds</msg>
<status status="PASS" starttime="20200130 16:46:47.455" endtime="20200130 16:46:52.456"></status>
</kw>
<kw name="Guardar Token" library="Login">
<kw name="Execute Javascript" library="SeleniumLibrary">
<doc>Executes the given JavaScript code with possible arguments.</doc>
<arguments>
<arg>return window.localStorage.getItem("YardToken")</arg>
</arguments>
<assign>
<var>${localStorageToken}</var>
</assign>
<msg timestamp="20200130 16:46:52.457" level="INFO">Executing JavaScript:
return window.localStorage.getItem("YardToken")
Without any arguments.</msg>
<msg timestamp="20200130 16:46:52.461" level="INFO">${localStorageToken} = eyJhbGciOiJIUzI1NiIsInR5cCI6IkpXVCJ9.eyJ3b3Jrc2lkIjo4LCJzaXRlaWQiOjIsInNpdGVfYWxpYXMiOjIsInNpdGVfbmFtZSI6IlJvc2FyaW8iLCJzaXRlX3doIjpmYWxzZSwic29jaWQiOjEsInNvY19uYW1lIjoiTERDIEFSR0VOVElOQSBTLkEuIiwidGV...</msg>
<status status="PASS" starttime="20200130 16:46:52.456" endtime="20200130 16:46:52.461"></status>
</kw>
<kw name="Catenate" library="BuiltIn">
<doc>Catenates the given items together and returns the resulted string.</doc>
<arguments>
<arg>Bearer</arg>
<arg>${localStorageToken}</arg>
</arguments>
<assign>
<var>${BearerToken}</var>
</assign>
<msg timestamp="20200130 16:46:52.462" level="INFO">${BearerToken} = Bearer eyJhbGciOiJIUzI1NiIsInR5cCI6IkpXVCJ9.eyJ3b3Jrc2lkIjo4LCJzaXRlaWQiOjIsInNpdGVfYWxpYXMiOjIsInNpdGVfbmFtZSI6IlJvc2FyaW8iLCJzaXRlX3doIjpmYWxzZSwic29jaWQiOjEsInNvY19uYW1lIjoiTERDIEFSR0VOVElOQSBTLkEu...</msg>
<status status="PASS" starttime="20200130 16:46:52.462" endtime="20200130 16:46:52.462"></status>
</kw>
<kw name="Set Global Variable" library="BuiltIn">
<doc>Makes a variable available globally in all tests and suites.</doc>
<arguments>
<arg>${AutToken}</arg>
<arg>${BearerToken}</arg>
</arguments>
<msg timestamp="20200130 16:46:52.463" level="INFO">${AutToken} = Bearer eyJhbGciOiJIUzI1NiIsInR5cCI6IkpXVCJ9.eyJ3b3Jrc2lkIjo4LCJzaXRlaWQiOjIsInNpdGVfYWxpYXMiOjIsInNpdGVfbmFtZSI6IlJvc2FyaW8iLCJzaXRlX3doIjpmYWxzZSwic29jaWQiOjEsInNvY19uYW1lIjoiTERDIEFSR0VOVElOQSBTLkEu...</msg>
<status status="PASS" starttime="20200130 16:46:52.462" endtime="20200130 16:46:52.463"></status>
</kw>
<status status="PASS" starttime="20200130 16:46:52.456" endtime="20200130 16:46:52.463"></status>
</kw>
<status status="PASS" starttime="20200130 16:46:43.477" endtime="20200130 16:46:52.463"></status>
</kw>
<test id="s1-t1" name="GetChofer">
<kw name="Create Session" library="RequestsLibrary">
<doc>Create Session: create a HTTP session to a server</doc>
<arguments>
<arg>mySession</arg>
<arg>${URL}</arg>
</arguments>
<msg timestamp="20200130 16:46:52.464" level="INFO">Creating Session using : alias=mySession, url=http://arrosvmapp313/Ldc.Yard.Web.Api/api, headers={},                     cookies={}, auth=None, timeout=None, proxies=None, verify=False,                     debug=0 </msg>
<status status="PASS" starttime="20200130 16:46:52.463" endtime="20200130 16:46:52.464"></status>
</kw>
<kw name="Create Dictionary" library="BuiltIn">
<doc>Creates and returns a dictionary based on the given ``items``.</doc>
<arguments>
<arg>Authorization=${AutToken}</arg>
</arguments>
<assign>
<var>${headers}</var>
</assign>
<msg timestamp="20200130 16:46:52.465" level="INFO">${headers} = {'Authorization': 'Bearer eyJhbGciOiJIUzI1NiIsInR5cCI6IkpXVCJ9.eyJ3b3Jrc2lkIjo4LCJzaXRlaWQiOjIsInNpdGVfYWxpYXMiOjIsInNpdGVfbmFtZSI6IlJvc2FyaW8iLCJzaXRlX3doIjpmYWxzZSwic29jaWQiOjEsInNvY19uYW1lIjoiTERDI...</msg>
<status status="PASS" starttime="20200130 16:46:52.464" endtime="20200130 16:46:52.465"></status>
</kw>
<kw name="Get Request" library="RequestsLibrary">
<doc>Send a GET request on the session object found using the
given `alias`</doc>
<arguments>
<arg>mySession</arg>
<arg>/choferes/2024306</arg>
<arg>headers=${headers}</arg>
</arguments>
<assign>
<var>${response}</var>
</assign>
<msg timestamp="20200130 16:46:52.465" level="INFO">GET Request using : uri=/choferes/2024306, params=None, allow_redirects=True, timeout=None
headers={'User-Agent': 'python-requests/2.22.0', 'Accept-Encoding': 'gzip, deflate', 'Accept': '*/*', 'Connection': 'keep-alive', 'Authorization': 'Bearer eyJhbGciOiJIUzI1NiIsInR5cCI6IkpXVCJ9.eyJ3b3Jrc2lkIjo4LCJzaXRlaWQiOjIsInNpdGVfYWxpYXMiOjIsInNpdGVfbmFtZSI6IlJvc2FyaW8iLCJzaXRlX3doIjpmYWxzZSwic29jaWQiOjEsInNvY19uYW1lIjoiTERDIEFSR0VOVElOQSBTLkEuIiwidGVybWlkIjoxMzcsInRlcm1fY29kZSI6IjIzOTgxIiwidGVybV9uYW1lIjoiTE9VSVMgRFJFWUZVUyAoVElNQlVFUykiLCJ0ZXJtX2hhcnZlc3QiOnRydWUsInRlcm1fY2FyZCI6dHJ1ZSwibmFtZWlkIjoyNCwidW5pcXVlX25hbWUiOiJmYWJpby5vbGl2aWVyaSIsInNzaWQiOjExOTQ4LCJuYmYiOjE1ODA0MTM2MDcsImV4cCI6MTU4MDQ1NjgwNywiaWF0IjoxNTgwNDEzNjA3LCJpc3MiOiJ5YXJkLXVhdC1iYiJ9.C6BH5Yxt3E9yCiDkXQbiRcNgUnSDfej4VpsKOfe0Ht4'} 
data=None 
json=None</msg>
<msg timestamp="20200130 16:46:52.501" level="INFO">${response} = &lt;Response [200]&gt;</msg>
<status status="PASS" starttime="20200130 16:46:52.465" endtime="20200130 16:46:52.501"></status>
</kw>
<kw name="Convert To String" library="BuiltIn">
<doc>Converts the given item to a Unicode string.</doc>
<arguments>
<arg>${response.status_code}</arg>
</arguments>
<assign>
<var>${statusCode}</var>
</assign>
<msg timestamp="20200130 16:46:52.502" level="INFO">${statusCode} = 200</msg>
<status status="PASS" starttime="20200130 16:46:52.501" endtime="20200130 16:46:52.502"></status>
</kw>
<kw name="Should Be Equal" library="BuiltIn">
<doc>Fails if the given objects are unequal.</doc>
<arguments>
<arg>${statusCode}</arg>
<arg>200</arg>
</arguments>
<status status="PASS" starttime="20200130 16:46:52.502" endtime="20200130 16:46:52.502"></status>
</kw>
<kw name="Convert To String" library="BuiltIn">
<doc>Converts the given item to a Unicode string.</doc>
<arguments>
<arg>${response.content}</arg>
</arguments>
<assign>
<var>${bodyString}</var>
</assign>
<msg timestamp="20200130 16:46:52.503" level="INFO">${bodyString} = {"descripcion":"RODRIGUEZ","codigo":"20047507244","habilitado":true,"penalizado":false,"estaHabilitado":false,"id":2024306}</msg>
<status status="PASS" starttime="20200130 16:46:52.503" endtime="20200130 16:46:52.503"></status>
</kw>
<kw name="Should Contain" library="BuiltIn">
<doc>Fails if ``container`` does not contain ``item`` one or more times.</doc>
<arguments>
<arg>${bodyString}</arg>
<arg>RODRIGUEZ</arg>
</arguments>
<status status="PASS" starttime="20200130 16:46:52.503" endtime="20200130 16:46:52.503"></status>
</kw>
<kw name="To Json" library="RequestsLibrary">
<doc>Convert a string to a JSON object</doc>
<arguments>
<arg>${response.content}</arg>
</arguments>
<assign>
<var>${bodyJSon}</var>
</assign>
<msg timestamp="20200130 16:46:52.504" level="INFO">To JSON using : content={"descripcion":"RODRIGUEZ","codigo":"20047507244","habilitado":true,"penalizado":false,"estaHabilitado":false,"id":2024306} </msg>
<msg timestamp="20200130 16:46:52.504" level="INFO">To JSON using : pretty_print=False </msg>
<msg timestamp="20200130 16:46:52.504" level="INFO">${bodyJSon} = {'descripcion': 'RODRIGUEZ', 'codigo': '20047507244', 'habilitado': True, 'penalizado': False, 'estaHabilitado': False, 'id': 2024306}</msg>
<status status="PASS" starttime="20200130 16:46:52.503" endtime="20200130 16:46:52.504"></status>
</kw>
<kw name="Get Value From Json" library="JSONLibrary">
<doc>Get Value From JSON using JSONPath</doc>
<arguments>
<arg>${bodyJSon}</arg>
<arg>$.descripcion</arg>
</arguments>
<assign>
<var>${Desc}</var>
</assign>
<msg timestamp="20200130 16:46:52.530" level="INFO">${Desc} = ['RODRIGUEZ']</msg>
<status status="PASS" starttime="20200130 16:46:52.504" endtime="20200130 16:46:52.530"></status>
</kw>
<kw name="Should Be Equal" library="BuiltIn">
<doc>Fails if the given objects are unequal.</doc>
<arguments>
<arg>${Desc[0]}</arg>
<arg>RODRIGUEZ</arg>
</arguments>
<status status="PASS" starttime="20200130 16:46:52.531" endtime="20200130 16:46:52.531"></status>
</kw>
<kw name="Get From Dictionary" library="Collections">
<doc>Returns a value from the given ``dictionary`` based on the given ``key``.</doc>
<arguments>
<arg>${response.headers}</arg>
<arg>Content-Type</arg>
</arguments>
<assign>
<var>${contentType}</var>
</assign>
<msg timestamp="20200130 16:46:52.532" level="INFO">${contentType} = application/json; charset=utf-8</msg>
<status status="PASS" starttime="20200130 16:46:52.531" endtime="20200130 16:46:52.532"></status>
</kw>
<kw name="Should Be Equal" library="BuiltIn">
<doc>Fails if the given objects are unequal.</doc>
<arguments>
<arg>${contentType}</arg>
<arg>application/json; charset=utf-8</arg>
</arguments>
<status status="PASS" starttime="20200130 16:46:52.532" endtime="20200130 16:46:52.532"></status>
</kw>
<status status="PASS" starttime="20200130 16:46:52.463" endtime="20200130 16:46:52.533" critical="yes"></status>
</test>
<kw name="Close All Browsers" library="SeleniumLibrary" type="teardown">
<doc>Closes all open browsers and resets the browser cache.</doc>
<status status="PASS" starttime="20200130 16:46:52.534" endtime="20200130 16:46:54.589"></status>
</kw>
<status status="PASS" starttime="20200130 16:46:43.157" endtime="20200130 16:46:54.589"></status>
</suite>
<statistics>
<total>
<stat pass="1" fail="0">Critical Tests</stat>
<stat pass="1" fail="0">All Tests</stat>
</total>
<tag>
</tag>
<suite>
<stat pass="1" fail="0" id="s1" name="ChoferesTest">ChoferesTest</stat>
</suite>
</statistics>
<errors>
</errors>
</robot>
